# JRE version: Java(TM) SE Runtime Environment 18.9 (11.0.11+9) (build 11.0.11+9-LTS-194)
# Java VM: Java HotSpot(TM) 64-Bit Server VM 18.9 (11.0.11+9-LTS-194, mixed mode, tiered, compressed oops, g1 gc, windows-amd64)
Heap:
 garbage-first heap   total 389120K, used 281909K [0x0000000080000000, 0x0000000100000000)
  region size 1024K, 154 young (157696K), 10 survivors (10240K)
 Metaspace       used 59624K, capacity 61608K, committed 61824K, reserved 1105920K
  class space    used 5634K, capacity 6220K, committed 6272K, reserved 1048576K
GC Heap History (10 events):
Event: 80.841 GC heap before
{Heap before GC invocations=38 (full 0):
 garbage-first heap   total 297984K, used 240640K [0x0000000080000000, 0x0000000100000000)
  region size 1024K, 114 young (116736K), 12 survivors (12288K)
 Metaspace       used 55866K, capacity 57812K, committed 57856K, reserved 1101824K
  class space    used 5279K, capacity 5863K, committed 5888K, reserved 1048576K
}
Event: 80.885 GC heap after
{Heap after GC invocations=39 (full 0):
 garbage-first heap   total 297984K, used 144384K [0x0000000080000000, 0x0000000100000000)
  region size 1024K, 9 young (9216K), 9 survivors (9216K)
 Metaspace       used 55866K, capacity 57812K, committed 57856K, reserved 1101824K
  class space    used 5279K, capacity 5863K, committed 5888K, reserved 1048576K
}
Event: 81.799 GC heap before
{Heap before GC invocations=39 (full 0):
 garbage-first heap   total 297984K, used 242688K [0x0000000080000000, 0x0000000100000000)
  region size 1024K, 105 young (107520K), 9 survivors (9216K)
 Metaspace       used 55908K, capacity 57879K, committed 58112K, reserved 1101824K
  class space    used 5280K, capacity 5864K, committed 5888K, reserved 1048576K
}
Event: 81.858 GC heap after
{Heap after GC invocations=40 (full 0):
 garbage-first heap   total 389120K, used 153535K [0x0000000080000000, 0x0000000100000000)
  region size 1024K, 10 young (10240K), 10 survivors (10240K)
 Metaspace       used 55908K, capacity 57879K, committed 58112K, reserved 1101824K
  class space    used 5280K, capacity 5864K, committed 5888K, reserved 1048576K
}
Event: 82.938 GC heap before
{Heap before GC invocations=41 (full 0):
 garbage-first heap   total 389120K, used 276927K [0x0000000080000000, 0x0000000100000000)
  region size 1024K, 147 young (150528K), 10 survivors (10240K)
 Metaspace       used 55945K, capacity 57852K, committed 58112K, reserved 1101824K
  class space    used 5281K, capacity 5864K, committed 5888K, reserved 1048576K
}
Event: 82.970 GC heap after
{Heap after GC invocations=42 (full 0):
 garbage-first heap   total 389120K, used 140724K [0x0000000080000000, 0x0000000100000000)
  region size 1024K, 14 young (14336K), 14 survivors (14336K)
 Metaspace       used 55945K, capacity 57852K, committed 58112K, reserved 1101824K
  class space    used 5281K, capacity 5864K, committed 5888K, reserved 1048576K
}
Event: 82.982 GC heap before
{Heap before GC invocations=42 (full 0):
 garbage-first heap   total 389120K, used 145844K [0x0000000080000000, 0x0000000100000000)
  region size 1024K, 19 young (19456K), 14 survivors (14336K)
 Metaspace       used 55945K, capacity 57852K, committed 58112K, reserved 1101824K
  class space    used 5281K, capacity 5864K, committed 5888K, reserved 1048576K
}
Event: 83.010 GC heap after
{Heap after GC invocations=43 (full 0):
 garbage-first heap   total 389120K, used 123503K [0x0000000080000000, 0x0000000100000000)
  region size 1024K, 2 young (2048K), 2 survivors (2048K)
 Metaspace       used 55945K, capacity 57852K, committed 58112K, reserved 1101824K
  class space    used 5281K, capacity 5864K, committed 5888K, reserved 1048576K
}
Event: 84.370 GC heap before
{Heap before GC invocations=43 (full 0):
 garbage-first heap   total 389120K, used 287343K [0x0000000080000000, 0x0000000100000000)
  region size 1024K, 162 young (165888K), 2 survivors (2048K)
 Metaspace       used 56002K, capacity 57916K, committed 58112K, reserved 1101824K
  class space    used 5281K, capacity 5864K, committed 5888K, reserved 1048576K
}
Event: 84.418 GC heap after
{Heap after GC invocations=44 (full 0):
 garbage-first heap   total 389120K, used 131381K [0x0000000080000000, 0x0000000100000000)
  region size 1024K, 10 young (10240K), 10 survivors (10240K)
 Metaspace       used 56002K, capacity 57916K, committed 58112K, reserved 1101824K
  class space    used 5281K, capacity 5864K, committed 5888K, reserved 1048576K
}

