# JRE version: Java(TM) SE Runtime Environment 18.9 (11.0.11+9) (build 11.0.11+9-LTS-194)
# Java VM: Java HotSpot(TM) 64-Bit Server VM 18.9 (11.0.11+9-LTS-194, mixed mode, tiered, compressed oops, g1 gc, windows-amd64)
Heap:
 garbage-first heap   total 589824K, used 147712K [0x0000000080000000, 0x0000000100000000)
  region size 1024K, 42 young (43008K), 30 survivors (30720K)
 Metaspace       used 107497K, capacity 115084K, committed 115184K, reserved 1150976K
  class space    used 12718K, capacity 14123K, committed 14168K, reserved 1048576K
GC Heap History (10 events):
Event: 559.765 GC heap before
{Heap before GC invocations=213 (full 0):
 garbage-first heap   total 589824K, used 480471K [0x0000000080000000, 0x0000000100000000)
  region size 1024K, 27 young (27648K), 7 survivors (7168K)
 Metaspace       used 89903K, capacity 96735K, committed 96856K, reserved 1134592K
  class space    used 10057K, capacity 11294K, committed 11352K, reserved 1048576K
}
Event: 559.787 GC heap after
{Heap after GC invocations=214 (full 0):
 garbage-first heap   total 589824K, used 461837K [0x0000000080000000, 0x0000000100000000)
  region size 1024K, 6 young (6144K), 6 survivors (6144K)
 Metaspace       used 89903K, capacity 96735K, committed 96856K, reserved 1134592K
  class space    used 10057K, capacity 11294K, committed 11352K, reserved 1048576K
}
Event: 562.062 GC heap before
{Heap before GC invocations=215 (full 0):
 garbage-first heap   total 589824K, used 257037K [0x0000000080000000, 0x0000000100000000)
  region size 1024K, 49 young (50176K), 6 survivors (6144K)
 Metaspace       used 93468K, capacity 100287K, committed 101104K, reserved 1138688K
  class space    used 10776K, capacity 11970K, committed 12120K, reserved 1048576K
}
Event: 562.084 GC heap after
{Heap after GC invocations=216 (full 0):
 garbage-first heap   total 589824K, used 215343K [0x0000000080000000, 0x0000000100000000)
  region size 1024K, 6 young (6144K), 6 survivors (6144K)
 Metaspace       used 93468K, capacity 100287K, committed 101104K, reserved 1138688K
  class space    used 10776K, capacity 11970K, committed 12120K, reserved 1048576K
}
Event: 562.773 GC heap before
{Heap before GC invocations=216 (full 0):
 garbage-first heap   total 589824K, used 237871K [0x0000000080000000, 0x0000000100000000)
  region size 1024K, 28 young (28672K), 6 survivors (6144K)
 Metaspace       used 95306K, capacity 102047K, committed 102768K, reserved 1140736K
  class space    used 11117K, capacity 12322K, committed 12504K, reserved 1048576K
}
Event: 562.797 GC heap after
{Heap after GC invocations=217 (full 0):
 garbage-first heap   total 589824K, used 157377K [0x0000000080000000, 0x0000000100000000)
  region size 1024K, 4 young (4096K), 4 survivors (4096K)
 Metaspace       used 95306K, capacity 102047K, committed 102768K, reserved 1140736K
  class space    used 11117K, capacity 12322K, committed 12504K, reserved 1048576K
}
Event: 563.583 GC heap before
{Heap before GC invocations=217 (full 0):
 garbage-first heap   total 589824K, used 180929K [0x0000000080000000, 0x0000000100000000)
  region size 1024K, 28 young (28672K), 4 survivors (4096K)
 Metaspace       used 97770K, capacity 104585K, committed 105328K, reserved 1142784K
  class space    used 11475K, capacity 12676K, committed 12760K, reserved 1048576K
}
Event: 563.604 GC heap after
{Heap after GC invocations=218 (full 0):
 garbage-first heap   total 589824K, used 106854K [0x0000000080000000, 0x0000000100000000)
  region size 1024K, 3 young (3072K), 3 survivors (3072K)
 Metaspace       used 97770K, capacity 104585K, committed 105328K, reserved 1142784K
  class space    used 11475K, capacity 12676K, committed 12760K, reserved 1048576K
}
Event: 583.438 GC heap before
{Heap before GC invocations=218 (full 0):
 garbage-first heap   total 589824K, used 341350K [0x0000000080000000, 0x0000000100000000)
  region size 1024K, 233 young (238592K), 3 survivors (3072K)
 Metaspace       used 107260K, capacity 114766K, committed 114928K, reserved 1150976K
  class space    used 12705K, capacity 14071K, committed 14168K, reserved 1048576K
}
Event: 583.566 GC heap after
{Heap after GC invocations=219 (full 0):
 garbage-first heap   total 589824K, used 136448K [0x0000000080000000, 0x0000000100000000)
  region size 1024K, 30 young (30720K), 30 survivors (30720K)
 Metaspace       used 107260K, capacity 114766K, committed 114928K, reserved 1150976K
  class space    used 12705K, capacity 14071K, committed 14168K, reserved 1048576K
}

