# JRE version: Java(TM) SE Runtime Environment 18.9 (11.0.11+9) (build 11.0.11+9-LTS-194)
# Java VM: Java HotSpot(TM) 64-Bit Server VM 18.9 (11.0.11+9-LTS-194, mixed mode, tiered, compressed oops, g1 gc, windows-amd64)
Heap:
 garbage-first heap   total 196608K, used 147877K [0x0000000080000000, 0x0000000100000000)
  region size 1024K, 68 young (69632K), 4 survivors (4096K)
 Metaspace       used 44750K, capacity 46411K, committed 46720K, reserved 1091584K
  class space    used 4127K, capacity 4644K, committed 4736K, reserved 1048576K
GC Heap History (10 events):
Event: 60.331 GC heap after
{Heap after GC invocations=23 (full 0):
 garbage-first heap   total 163840K, used 39242K [0x0000000080000000, 0x0000000100000000)
  region size 1024K, 6 young (6144K), 6 survivors (6144K)
 Metaspace       used 37968K, capacity 39492K, committed 39552K, reserved 1085440K
  class space    used 3690K, capacity 4178K, committed 4224K, reserved 1048576K
}
Event: 62.158 GC heap before
{Heap before GC invocations=23 (full 0):
 garbage-first heap   total 163840K, used 135498K [0x0000000080000000, 0x0000000100000000)
  region size 1024K, 96 young (98304K), 6 survivors (6144K)
 Metaspace       used 40015K, capacity 41623K, committed 41856K, reserved 1087488K
  class space    used 3889K, capacity 4396K, committed 4480K, reserved 1048576K
}
Event: 62.180 GC heap after
{Heap after GC invocations=24 (full 0):
 garbage-first heap   total 163840K, used 44350K [0x0000000080000000, 0x0000000100000000)
  region size 1024K, 10 young (10240K), 10 survivors (10240K)
 Metaspace       used 40015K, capacity 41623K, committed 41856K, reserved 1087488K
  class space    used 3889K, capacity 4396K, committed 4480K, reserved 1048576K
}
Event: 62.468 GC heap before
{Heap before GC invocations=24 (full 0):
 garbage-first heap   total 163840K, used 132414K [0x0000000080000000, 0x0000000100000000)
  region size 1024K, 96 young (98304K), 10 survivors (10240K)
 Metaspace       used 40019K, capacity 41623K, committed 41856K, reserved 1087488K
  class space    used 3890K, capacity 4396K, committed 4480K, reserved 1048576K
}
Event: 62.503 GC heap after
{Heap after GC invocations=25 (full 0):
 garbage-first heap   total 163840K, used 50280K [0x0000000080000000, 0x0000000100000000)
  region size 1024K, 12 young (12288K), 12 survivors (12288K)
 Metaspace       used 40019K, capacity 41623K, committed 41856K, reserved 1087488K
  class space    used 3890K, capacity 4396K, committed 4480K, reserved 1048576K
}
Event: 64.371 GC heap before
{Heap before GC invocations=25 (full 0):
 garbage-first heap   total 163840K, used 133224K [0x0000000080000000, 0x0000000100000000)
  region size 1024K, 93 young (95232K), 12 survivors (12288K)
 Metaspace       used 41407K, capacity 43038K, committed 43264K, reserved 1087488K
  class space    used 3996K, capacity 4507K, committed 4608K, reserved 1048576K
}
Event: 64.422 GC heap after
{Heap after GC invocations=26 (full 0):
 garbage-first heap   total 196608K, used 59384K [0x0000000080000000, 0x0000000100000000)
  region size 1024K, 9 young (9216K), 9 survivors (9216K)
 Metaspace       used 41407K, capacity 43038K, committed 43264K, reserved 1087488K
  class space    used 3996K, capacity 4507K, committed 4608K, reserved 1048576K
}
Event: 67.498 GC heap before
{Heap before GC invocations=26 (full 0):
 garbage-first heap   total 196608K, used 148472K [0x0000000080000000, 0x0000000100000000)
  region size 1024K, 97 young (99328K), 9 survivors (9216K)
 Metaspace       used 43102K, capacity 44779K, committed 44928K, reserved 1089536K
  class space    used 4083K, capacity 4612K, committed 4736K, reserved 1048576K
}
Event: 67.576 GC heap after
{Heap after GC invocations=27 (full 0):
 garbage-first heap   total 196608K, used 82341K [0x0000000080000000, 0x0000000100000000)
  region size 1024K, 13 young (13312K), 13 survivors (13312K)
 Metaspace       used 43102K, capacity 44779K, committed 44928K, reserved 1089536K
  class space    used 4083K, capacity 4612K, committed 4736K, reserved 1048576K
}
Event: 69.464 GC heap before
{Heap before GC invocations=27 (full 0):
 garbage-first heap   total 196608K, used 147877K [0x0000000080000000, 0x0000000100000000)
  region size 1024K, 77 young (78848K), 13 survivors (13312K)
 Metaspace       used 44750K, capacity 46411K, committed 46720K, reserved 1091584K
  class space    used 4127K, capacity 4644K, committed 4736K, reserved 1048576K
}

