# JRE version: Java(TM) SE Runtime Environment 18.9 (11.0.11+9) (build 11.0.11+9-LTS-194)
# Java VM: Java HotSpot(TM) 64-Bit Server VM 18.9 (11.0.11+9-LTS-194, mixed mode, tiered, compressed oops, g1 gc, windows-amd64)
Heap:
 garbage-first heap   total 448512K, used 342842K [0x0000000080000000, 0x0000000100000000)
  region size 1024K, 180 young (184320K), 8 survivors (8192K)
 Metaspace       used 65816K, capacity 68730K, committed 68992K, reserved 1112064K
  class space    used 6105K, capacity 6746K, committed 6784K, reserved 1048576K
GC Heap History (10 events):
Event: 132.121 GC heap after
{Heap after GC invocations=69 (full 0):
 garbage-first heap   total 378880K, used 129773K [0x0000000080000000, 0x0000000100000000)
  region size 1024K, 1 young (1024K), 1 survivors (1024K)
 Metaspace       used 65615K, capacity 68340K, committed 68480K, reserved 1112064K
  class space    used 6098K, capacity 6706K, committed 6784K, reserved 1048576K
}
Event: 132.200 GC heap before
{Heap before GC invocations=69 (full 0):
 garbage-first heap   total 378880K, used 146157K [0x0000000080000000, 0x0000000100000000)
  region size 1024K, 18 young (18432K), 1 survivors (1024K)
 Metaspace       used 65615K, capacity 68340K, committed 68480K, reserved 1112064K
  class space    used 6098K, capacity 6706K, committed 6784K, reserved 1048576K
}
Event: 132.211 GC heap after
{Heap after GC invocations=70 (full 0):
 garbage-first heap   total 378880K, used 129591K [0x0000000080000000, 0x0000000100000000)
  region size 1024K, 1 young (1024K), 1 survivors (1024K)
 Metaspace       used 65615K, capacity 68340K, committed 68480K, reserved 1112064K
  class space    used 6098K, capacity 6706K, committed 6784K, reserved 1048576K
}
Event: 133.504 GC heap before
{Heap before GC invocations=70 (full 0):
 garbage-first heap   total 378880K, used 290359K [0x0000000080000000, 0x0000000100000000)
  region size 1024K, 155 young (158720K), 1 survivors (1024K)
 Metaspace       used 65682K, capacity 68550K, committed 68736K, reserved 1112064K
  class space    used 6101K, capacity 6712K, committed 6784K, reserved 1048576K
}
Event: 133.559 GC heap after
{Heap after GC invocations=71 (full 0):
 garbage-first heap   total 378880K, used 137762K [0x0000000080000000, 0x0000000100000000)
  region size 1024K, 9 young (9216K), 9 survivors (9216K)
 Metaspace       used 65682K, capacity 68550K, committed 68736K, reserved 1112064K
  class space    used 6101K, capacity 6712K, committed 6784K, reserved 1048576K
}
Event: 138.398 GC heap before
{Heap before GC invocations=71 (full 0):
 garbage-first heap   total 378880K, used 293410K [0x0000000080000000, 0x0000000100000000)
  region size 1024K, 162 young (165888K), 9 survivors (9216K)
 Metaspace       used 65777K, capacity 68666K, committed 68736K, reserved 1112064K
  class space    used 6105K, capacity 6746K, committed 6784K, reserved 1048576K
}
Event: 138.485 GC heap after
{Heap after GC invocations=72 (full 0):
 garbage-first heap   total 448512K, used 155968K [0x0000000080000000, 0x0000000100000000)
  region size 1024K, 21 young (21504K), 21 survivors (21504K)
 Metaspace       used 65777K, capacity 68666K, committed 68736K, reserved 1112064K
  class space    used 6105K, capacity 6746K, committed 6784K, reserved 1048576K
}
Event: 140.171 GC heap before
{Heap before GC invocations=72 (full 0):
 garbage-first heap   total 448512K, used 333120K [0x0000000080000000, 0x0000000100000000)
  region size 1024K, 194 young (198656K), 21 survivors (21504K)
 Metaspace       used 65796K, capacity 68666K, committed 68736K, reserved 1112064K
  class space    used 6105K, capacity 6746K, committed 6784K, reserved 1048576K
}
Event: 140.239 GC heap after
{Heap after GC invocations=73 (full 0):
 garbage-first heap   total 448512K, used 166714K [0x0000000080000000, 0x0000000100000000)
  region size 1024K, 11 young (11264K), 11 survivors (11264K)
 Metaspace       used 65796K, capacity 68666K, committed 68736K, reserved 1112064K
  class space    used 6105K, capacity 6746K, committed 6784K, reserved 1048576K
}
Event: 142.178 GC heap before
{Heap before GC invocations=73 (full 0):
 garbage-first heap   total 448512K, used 341818K [0x0000000080000000, 0x0000000100000000)
  region size 1024K, 183 young (187392K), 11 survivors (11264K)
 Metaspace       used 65816K, capacity 68730K, committed 68992K, reserved 1112064K
  class space    used 6105K, capacity 6746K, committed 6784K, reserved 1048576K
}

