# JRE version: Java(TM) SE Runtime Environment 18.9 (11.0.11+9) (build 11.0.11+9-LTS-194)
# Java VM: Java HotSpot(TM) 64-Bit Server VM 18.9 (11.0.11+9-LTS-194, mixed mode, tiered, compressed oops, g1 gc, windows-amd64)
Heap:
 garbage-first heap   total 286720K, used 227087K [0x0000000080000000, 0x0000000100000000)
  region size 1024K, 112 young (114688K), 11 survivors (11264K)
 Metaspace       used 55982K, capacity 57998K, committed 58112K, reserved 1101824K
  class space    used 5284K, capacity 5866K, committed 5888K, reserved 1048576K
GC Heap History (10 events):
Event: 157.475 GC heap after
{Heap after GC invocations=50 (full 0):
 garbage-first heap   total 238592K, used 97279K [0x0000000080000000, 0x0000000100000000)
  region size 1024K, 12 young (12288K), 12 survivors (12288K)
 Metaspace       used 55682K, capacity 57665K, committed 57856K, reserved 1101824K
  class space    used 5281K, capacity 5861K, committed 5888K, reserved 1048576K
}
Event: 158.869 GC heap before
{Heap before GC invocations=50 (full 0):
 garbage-first heap   total 238592K, used 187391K [0x0000000080000000, 0x0000000100000000)
  region size 1024K, 100 young (102400K), 12 survivors (12288K)
 Metaspace       used 55751K, capacity 57730K, committed 57856K, reserved 1101824K
  class space    used 5281K, capacity 5861K, committed 5888K, reserved 1048576K
}
Event: 158.927 GC heap after
{Heap after GC invocations=51 (full 0):
 garbage-first heap   total 238592K, used 105471K [0x0000000080000000, 0x0000000100000000)
  region size 1024K, 8 young (8192K), 8 survivors (8192K)
 Metaspace       used 55751K, capacity 57730K, committed 57856K, reserved 1101824K
  class space    used 5281K, capacity 5861K, committed 5888K, reserved 1048576K
}
Event: 160.124 GC heap before
{Heap before GC invocations=51 (full 0):
 garbage-first heap   total 238592K, used 191487K [0x0000000080000000, 0x0000000100000000)
  region size 1024K, 92 young (94208K), 8 survivors (8192K)
 Metaspace       used 55832K, capacity 57794K, committed 57856K, reserved 1101824K
  class space    used 5281K, capacity 5861K, committed 5888K, reserved 1048576K
}
Event: 160.180 GC heap after
{Heap after GC invocations=52 (full 0):
 garbage-first heap   total 238592K, used 113989K [0x0000000080000000, 0x0000000100000000)
  region size 1024K, 9 young (9216K), 9 survivors (9216K)
 Metaspace       used 55832K, capacity 57794K, committed 57856K, reserved 1101824K
  class space    used 5281K, capacity 5861K, committed 5888K, reserved 1048576K
}
Event: 162.179 GC heap before
{Heap before GC invocations=52 (full 0):
 garbage-first heap   total 238592K, used 192837K [0x0000000080000000, 0x0000000100000000)
  region size 1024K, 86 young (88064K), 9 survivors (9216K)
 Metaspace       used 55880K, capacity 57861K, committed 58112K, reserved 1101824K
  class space    used 5281K, capacity 5862K, committed 5888K, reserved 1048576K
}
Event: 162.229 GC heap after
{Heap after GC invocations=53 (full 0):
 garbage-first heap   total 286720K, used 118543K [0x0000000080000000, 0x0000000100000000)
  region size 1024K, 7 young (7168K), 7 survivors (7168K)
 Metaspace       used 55880K, capacity 57861K, committed 58112K, reserved 1101824K
  class space    used 5281K, capacity 5862K, committed 5888K, reserved 1048576K
}
Event: 163.802 GC heap before
{Heap before GC invocations=53 (full 0):
 garbage-first heap   total 286720K, used 222991K [0x0000000080000000, 0x0000000100000000)
  region size 1024K, 109 young (111616K), 7 survivors (7168K)
 Metaspace       used 55965K, capacity 57934K, committed 58112K, reserved 1101824K
  class space    used 5284K, capacity 5866K, committed 5888K, reserved 1048576K
}
Event: 163.840 GC heap after
{Heap after GC invocations=54 (full 0):
 garbage-first heap   total 286720K, used 123663K [0x0000000080000000, 0x0000000100000000)
  region size 1024K, 12 young (12288K), 12 survivors (12288K)
 Metaspace       used 55965K, capacity 57934K, committed 58112K, reserved 1101824K
  class space    used 5284K, capacity 5866K, committed 5888K, reserved 1048576K
}
Event: 164.728 GC heap before
{Heap before GC invocations=54 (full 0):
 garbage-first heap   total 286720K, used 227087K [0x0000000080000000, 0x0000000100000000)
  region size 1024K, 113 young (115712K), 12 survivors (12288K)
 Metaspace       used 55982K, capacity 57998K, committed 58112K, reserved 1101824K
  class space    used 5284K, capacity 5866K, committed 5888K, reserved 1048576K
}

