# JRE version: Java(TM) SE Runtime Environment 18.9 (11.0.11+9) (build 11.0.11+9-LTS-194)
# Java VM: Java HotSpot(TM) 64-Bit Server VM 18.9 (11.0.11+9-LTS-194, mixed mode, tiered, compressed oops, g1 gc, windows-amd64)
Heap:
 garbage-first heap   total 496640K, used 294044K [0x0000000080000000, 0x0000000100000000)
  region size 1024K, 138 young (141312K), 24 survivors (24576K)
 Metaspace       used 118455K, capacity 134658K, committed 134912K, reserved 1169408K
  class space    used 13317K, capacity 15867K, committed 15872K, reserved 1048576K
GC Heap History (10 events):
Event: 407.137 GC heap before
{Heap before GC invocations=180 (full 0):
 garbage-first heap   total 496640K, used 158357K [0x0000000080000000, 0x0000000100000000)
  region size 1024K, 24 young (24576K), 20 survivors (20480K)
 Metaspace       used 113651K, capacity 126296K, committed 126592K, reserved 1161216K
  class space    used 13068K, capacity 15181K, committed 15232K, reserved 1048576K
}
Event: 407.173 GC heap after
{Heap after GC invocations=181 (full 0):
 garbage-first heap   total 496640K, used 133248K [0x0000000080000000, 0x0000000100000000)
  region size 1024K, 2 young (2048K), 2 survivors (2048K)
 Metaspace       used 113651K, capacity 126296K, committed 126592K, reserved 1161216K
  class space    used 13068K, capacity 15181K, committed 15232K, reserved 1048576K
}
Event: 412.748 GC heap before
{Heap before GC invocations=181 (full 0):
 garbage-first heap   total 496640K, used 317568K [0x0000000080000000, 0x0000000100000000)
  region size 1024K, 182 young (186368K), 2 survivors (2048K)
 Metaspace       used 115846K, capacity 130495K, committed 130688K, reserved 1165312K
  class space    used 13178K, capacity 15478K, committed 15488K, reserved 1048576K
}
Event: 412.776 GC heap after
{Heap after GC invocations=182 (full 0):
 garbage-first heap   total 496640K, used 155904K [0x0000000080000000, 0x0000000100000000)
  region size 1024K, 23 young (23552K), 23 survivors (23552K)
 Metaspace       used 115846K, capacity 130495K, committed 130688K, reserved 1165312K
  class space    used 13178K, capacity 15478K, committed 15488K, reserved 1048576K
}
Event: 417.469 GC heap before
{Heap before GC invocations=182 (full 0):
 garbage-first heap   total 496640K, used 336128K [0x0000000080000000, 0x0000000100000000)
  region size 1024K, 199 young (203776K), 23 survivors (23552K)
 Metaspace       used 116843K, capacity 131981K, committed 132224K, reserved 1165312K
  class space    used 13231K, capacity 15621K, committed 15744K, reserved 1048576K
}
Event: 417.499 GC heap after
{Heap after GC invocations=183 (full 0):
 garbage-first heap   total 496640K, used 162521K [0x0000000080000000, 0x0000000100000000)
  region size 1024K, 24 young (24576K), 24 survivors (24576K)
 Metaspace       used 116843K, capacity 131981K, committed 132224K, reserved 1165312K
  class space    used 13231K, capacity 15621K, committed 15744K, reserved 1048576K
}
Event: 421.332 GC heap before
{Heap before GC invocations=183 (full 0):
 garbage-first heap   total 496640K, used 344793K [0x0000000080000000, 0x0000000100000000)
  region size 1024K, 202 young (206848K), 24 survivors (24576K)
 Metaspace       used 117618K, capacity 133425K, committed 133632K, reserved 1167360K
  class space    used 13287K, capacity 15778K, committed 15872K, reserved 1048576K
}
Event: 421.365 GC heap after
{Heap after GC invocations=184 (full 0):
 garbage-first heap   total 496640K, used 173696K [0x0000000080000000, 0x0000000100000000)
  region size 1024K, 26 young (26624K), 26 survivors (26624K)
 Metaspace       used 117618K, capacity 133425K, committed 133632K, reserved 1167360K
  class space    used 13287K, capacity 15778K, committed 15872K, reserved 1048576K
}
Event: 425.263 GC heap before
{Heap before GC invocations=184 (full 0):
 garbage-first heap   total 496640K, used 351872K [0x0000000080000000, 0x0000000100000000)
  region size 1024K, 200 young (204800K), 26 survivors (26624K)
 Metaspace       used 118143K, capacity 134277K, committed 134400K, reserved 1167360K
  class space    used 13300K, capacity 15814K, committed 15872K, reserved 1048576K
}
Event: 425.322 GC heap after
{Heap after GC invocations=185 (full 0):
 garbage-first heap   total 496640K, used 178332K [0x0000000080000000, 0x0000000100000000)
  region size 1024K, 24 young (24576K), 24 survivors (24576K)
 Metaspace       used 118143K, capacity 134277K, committed 134400K, reserved 1167360K
  class space    used 13300K, capacity 15814K, committed 15872K, reserved 1048576K
}

