# JRE version: Java(TM) SE Runtime Environment 18.9 (11.0.11+9) (build 11.0.11+9-LTS-194)
# Java VM: Java HotSpot(TM) 64-Bit Server VM 18.9 (11.0.11+9-LTS-194, mixed mode, tiered, compressed oops, g1 gc, windows-amd64)
Heap:
 garbage-first heap   total 284672K, used 162561K [0x0000000080000000, 0x0000000100000000)
  region size 1024K, 52 young (53248K), 16 survivors (16384K)
 Metaspace       used 55610K, capacity 57649K, committed 57980K, reserved 1101824K
  class space    used 5287K, capacity 5895K, committed 6012K, reserved 1048576K
GC Heap History (10 events):
Event: 60.536 GC heap before
{Heap before GC invocations=32 (full 0):
 garbage-first heap   total 284672K, used 212297K [0x0000000080000000, 0x0000000100000000)
  region size 1024K, 120 young (122880K), 6 survivors (6144K)
 Metaspace       used 48936K, capacity 50746K, committed 50940K, reserved 1095680K
  class space    used 4482K, capacity 5040K, committed 5116K, reserved 1048576K
}
Event: 60.559 GC heap after
{Heap after GC invocations=33 (full 0):
 garbage-first heap   total 284672K, used 93400K [0x0000000080000000, 0x0000000100000000)
  region size 1024K, 7 young (7168K), 7 survivors (7168K)
 Metaspace       used 48936K, capacity 50746K, committed 50940K, reserved 1095680K
  class space    used 4482K, capacity 5040K, committed 5116K, reserved 1048576K
}
Event: 63.253 GC heap before
{Heap before GC invocations=33 (full 0):
 garbage-first heap   total 284672K, used 213208K [0x0000000080000000, 0x0000000100000000)
  region size 1024K, 125 young (128000K), 7 survivors (7168K)
 Metaspace       used 54112K, capacity 56068K, committed 56316K, reserved 1099776K
  class space    used 5181K, capacity 5800K, committed 5884K, reserved 1048576K
}
Event: 63.278 GC heap after
{Heap after GC invocations=34 (full 0):
 garbage-first heap   total 284672K, used 93890K [0x0000000080000000, 0x0000000100000000)
  region size 1024K, 8 young (8192K), 8 survivors (8192K)
 Metaspace       used 54112K, capacity 56068K, committed 56316K, reserved 1099776K
  class space    used 5181K, capacity 5800K, committed 5884K, reserved 1048576K
}
Event: 65.666 GC heap before
{Heap before GC invocations=34 (full 0):
 garbage-first heap   total 284672K, used 222914K [0x0000000080000000, 0x0000000100000000)
  region size 1024K, 130 young (133120K), 8 survivors (8192K)
 Metaspace       used 54716K, capacity 56729K, committed 56828K, reserved 1099776K
  class space    used 5242K, capacity 5849K, committed 5884K, reserved 1048576K
}
Event: 65.722 GC heap after
{Heap after GC invocations=35 (full 0):
 garbage-first heap   total 284672K, used 95612K [0x0000000080000000, 0x0000000100000000)
  region size 1024K, 9 young (9216K), 9 survivors (9216K)
 Metaspace       used 54716K, capacity 56729K, committed 56828K, reserved 1099776K
  class space    used 5242K, capacity 5849K, committed 5884K, reserved 1048576K
}
Event: 68.403 GC heap before
{Heap before GC invocations=35 (full 0):
 garbage-first heap   total 284672K, used 223612K [0x0000000080000000, 0x0000000100000000)
  region size 1024K, 134 young (137216K), 9 survivors (9216K)
 Metaspace       used 54804K, capacity 56795K, committed 57084K, reserved 1099776K
  class space    used 5248K, capacity 5850K, committed 5884K, reserved 1048576K
}
Event: 68.457 GC heap after
{Heap after GC invocations=36 (full 0):
 garbage-first heap   total 284672K, used 111351K [0x0000000080000000, 0x0000000100000000)
  region size 1024K, 17 young (17408K), 17 survivors (17408K)
 Metaspace       used 54804K, capacity 56795K, committed 57084K, reserved 1099776K
  class space    used 5248K, capacity 5850K, committed 5884K, reserved 1048576K
}
Event: 72.013 GC heap before
{Heap before GC invocations=36 (full 0):
 garbage-first heap   total 284672K, used 223991K [0x0000000080000000, 0x0000000100000000)
  region size 1024K, 128 young (131072K), 17 survivors (17408K)
 Metaspace       used 55444K, capacity 57422K, committed 57596K, reserved 1101824K
  class space    used 5282K, capacity 5862K, committed 5884K, reserved 1048576K
}
Event: 72.107 GC heap after
{Heap after GC invocations=37 (full 0):
 garbage-first heap   total 284672K, used 126721K [0x0000000080000000, 0x0000000100000000)
  region size 1024K, 16 young (16384K), 16 survivors (16384K)
 Metaspace       used 55444K, capacity 57422K, committed 57596K, reserved 1101824K
  class space    used 5282K, capacity 5862K, committed 5884K, reserved 1048576K
}

