# JRE version: Java(TM) SE Runtime Environment 18.9 (11.0.11+9) (build 11.0.11+9-LTS-194)
# Java VM: Java HotSpot(TM) 64-Bit Server VM 18.9 (11.0.11+9-LTS-194, mixed mode, tiered, compressed oops, g1 gc, windows-amd64)
Heap:
 garbage-first heap   total 196608K, used 153681K [0x0000000080000000, 0x0000000100000000)
  region size 1024K, 113 young (115712K), 14 survivors (14336K)
 Metaspace       used 43123K, capacity 44844K, committed 45184K, reserved 1089536K
  class space    used 4077K, capacity 4612K, committed 4736K, reserved 1048576K
GC Heap History (10 events):
Event: 64.396 GC heap after
{Heap after GC invocations=18 (full 0):
 garbage-first heap   total 196608K, used 39342K [0x0000000080000000, 0x0000000100000000)
  region size 1024K, 12 young (12288K), 12 survivors (12288K)
 Metaspace       used 34307K, capacity 35733K, committed 35840K, reserved 1081344K
  class space    used 3419K, capacity 3887K, committed 3968K, reserved 1048576K
}
Event: 67.230 GC heap before
{Heap before GC invocations=19 (full 0):
 garbage-first heap   total 196608K, used 144814K [0x0000000080000000, 0x0000000100000000)
  region size 1024K, 115 young (117760K), 12 survivors (12288K)
 Metaspace       used 34890K, capacity 36422K, committed 36608K, reserved 1081344K
  class space    used 3451K, capacity 3898K, committed 3968K, reserved 1048576K
}
Event: 67.242 GC heap after
{Heap after GC invocations=20 (full 0):
 garbage-first heap   total 196608K, used 32945K [0x0000000080000000, 0x0000000100000000)
  region size 1024K, 5 young (5120K), 5 survivors (5120K)
 Metaspace       used 34890K, capacity 36422K, committed 36608K, reserved 1081344K
  class space    used 3451K, capacity 3898K, committed 3968K, reserved 1048576K
}
Event: 68.623 GC heap before
{Heap before GC invocations=20 (full 0):
 garbage-first heap   total 196608K, used 148657K [0x0000000080000000, 0x0000000100000000)
  region size 1024K, 115 young (117760K), 5 survivors (5120K)
 Metaspace       used 38097K, capacity 39688K, committed 39808K, reserved 1085440K
  class space    used 3699K, capacity 4179K, committed 4224K, reserved 1048576K
}
Event: 68.633 GC heap after
{Heap after GC invocations=21 (full 0):
 garbage-first heap   total 196608K, used 34019K [0x0000000080000000, 0x0000000100000000)
  region size 1024K, 5 young (5120K), 5 survivors (5120K)
 Metaspace       used 38097K, capacity 39688K, committed 39808K, reserved 1085440K
  class space    used 3699K, capacity 4179K, committed 4224K, reserved 1048576K
}
Event: 69.792 GC heap before
{Heap before GC invocations=21 (full 0):
 garbage-first heap   total 196608K, used 146659K [0x0000000080000000, 0x0000000100000000)
  region size 1024K, 115 young (117760K), 5 survivors (5120K)
 Metaspace       used 40041K, capacity 41688K, committed 41856K, reserved 1087488K
  class space    used 3888K, capacity 4396K, committed 4480K, reserved 1048576K
}
Event: 69.817 GC heap after
{Heap after GC invocations=22 (full 0):
 garbage-first heap   total 196608K, used 43704K [0x0000000080000000, 0x0000000100000000)
  region size 1024K, 14 young (14336K), 14 survivors (14336K)
 Metaspace       used 40041K, capacity 41688K, committed 41856K, reserved 1087488K
  class space    used 3888K, capacity 4396K, committed 4480K, reserved 1048576K
}
Event: 71.239 GC heap before
{Heap before GC invocations=22 (full 0):
 garbage-first heap   total 196608K, used 146104K [0x0000000080000000, 0x0000000100000000)
  region size 1024K, 115 young (117760K), 14 survivors (14336K)
 Metaspace       used 41344K, capacity 43039K, committed 43264K, reserved 1087488K
  class space    used 3988K, capacity 4507K, committed 4608K, reserved 1048576K
}
Event: 71.278 GC heap after
{Heap after GC invocations=23 (full 0):
 garbage-first heap   total 196608K, used 52308K [0x0000000080000000, 0x0000000100000000)
  region size 1024K, 9 young (9216K), 9 survivors (9216K)
 Metaspace       used 41344K, capacity 43039K, committed 43264K, reserved 1087488K
  class space    used 3988K, capacity 4507K, committed 4608K, reserved 1048576K
}
Event: 74.956 GC heap before
{Heap before GC invocations=23 (full 0):
 garbage-first heap   total 196608K, used 152660K [0x0000000080000000, 0x0000000100000000)
  region size 1024K, 108 young (110592K), 9 survivors (9216K)
 Metaspace       used 43123K, capacity 44844K, committed 45184K, reserved 1089536K
  class space    used 4077K, capacity 4612K, committed 4736K, reserved 1048576K
}

