# JRE version: Java(TM) SE Runtime Environment 18.9 (11.0.11+9) (build 11.0.11+9-LTS-194)
# Java VM: Java HotSpot(TM) 64-Bit Server VM 18.9 (11.0.11+9-LTS-194, mixed mode, tiered, compressed oops, g1 gc, windows-amd64)
Heap:
 garbage-first heap   total 342016K, used 277504K [0x0000000080000000, 0x0000000100000000)
  region size 1024K, 103 young (105472K), 9 survivors (9216K)
 Metaspace       used 65676K, capacity 68405K, committed 68480K, reserved 1112064K
  class space    used 6101K, capacity 6713K, committed 6784K, reserved 1048576K
GC Heap History (10 events):
Event: 123.123 GC heap after
{Heap after GC invocations=63 (full 0):
 garbage-first heap   total 342016K, used 137623K [0x0000000080000000, 0x0000000100000000)
  region size 1024K, 3 young (3072K), 3 survivors (3072K)
 Metaspace       used 64999K, capacity 67370K, committed 67584K, reserved 1110016K
  class space    used 6067K, capacity 6641K, committed 6656K, reserved 1048576K
}
Event: 125.534 GC heap before
{Heap before GC invocations=63 (full 0):
 garbage-first heap   total 342016K, used 286103K [0x0000000080000000, 0x0000000100000000)
  region size 1024K, 148 young (151552K), 3 survivors (3072K)
 Metaspace       used 65166K, capacity 67589K, committed 67712K, reserved 1110016K
  class space    used 6081K, capacity 6686K, committed 6784K, reserved 1048576K
}
Event: 125.570 GC heap after
{Heap after GC invocations=64 (full 0):
 garbage-first heap   total 342016K, used 138632K [0x0000000080000000, 0x0000000100000000)
  region size 1024K, 4 young (4096K), 4 survivors (4096K)
 Metaspace       used 65166K, capacity 67589K, committed 67712K, reserved 1110016K
  class space    used 6081K, capacity 6686K, committed 6784K, reserved 1048576K
}
Event: 127.128 GC heap before
{Heap before GC invocations=64 (full 0):
 garbage-first heap   total 342016K, used 290184K [0x0000000080000000, 0x0000000100000000)
  region size 1024K, 150 young (153600K), 4 survivors (4096K)
 Metaspace       used 65593K, capacity 68322K, committed 68480K, reserved 1112064K
  class space    used 6099K, capacity 6711K, committed 6784K, reserved 1048576K
}
Event: 127.137 GC heap after
{Heap after GC invocations=65 (full 0):
 garbage-first heap   total 342016K, used 141549K [0x0000000080000000, 0x0000000100000000)
  region size 1024K, 6 young (6144K), 6 survivors (6144K)
 Metaspace       used 65593K, capacity 68322K, committed 68480K, reserved 1112064K
  class space    used 6099K, capacity 6711K, committed 6784K, reserved 1048576K
}
Event: 131.043 GC heap before
{Heap before GC invocations=65 (full 0):
 garbage-first heap   total 342016K, used 291053K [0x0000000080000000, 0x0000000100000000)
  region size 1024K, 152 young (155648K), 6 survivors (6144K)
 Metaspace       used 65609K, capacity 68322K, committed 68480K, reserved 1112064K
  class space    used 6100K, capacity 6711K, committed 6784K, reserved 1048576K
}
Event: 131.090 GC heap after
{Heap after GC invocations=66 (full 0):
 garbage-first heap   total 342016K, used 163412K [0x0000000080000000, 0x0000000100000000)
  region size 1024K, 19 young (19456K), 19 survivors (19456K)
 Metaspace       used 65609K, capacity 68322K, committed 68480K, reserved 1112064K
  class space    used 6100K, capacity 6711K, committed 6784K, reserved 1048576K
}
Event: 133.271 GC heap before
{Heap before GC invocations=66 (full 0):
 garbage-first heap   total 342016K, used 277076K [0x0000000080000000, 0x0000000100000000)
  region size 1024K, 131 young (134144K), 19 survivors (19456K)
 Metaspace       used 65662K, capacity 68405K, committed 68480K, reserved 1112064K
  class space    used 6101K, capacity 6713K, committed 6784K, reserved 1048576K
}
Event: 133.349 GC heap after
{Heap after GC invocations=67 (full 0):
 garbage-first heap   total 342016K, used 181248K [0x0000000080000000, 0x0000000100000000)
  region size 1024K, 17 young (17408K), 17 survivors (17408K)
 Metaspace       used 65662K, capacity 68405K, committed 68480K, reserved 1112064K
  class space    used 6101K, capacity 6713K, committed 6784K, reserved 1048576K
}
Event: 134.652 GC heap before
{Heap before GC invocations=67 (full 0):
 garbage-first heap   total 342016K, used 277504K [0x0000000080000000, 0x0000000100000000)
  region size 1024K, 111 young (113664K), 17 survivors (17408K)
 Metaspace       used 65676K, capacity 68405K, committed 68480K, reserved 1112064K
  class space    used 6101K, capacity 6713K, committed 6784K, reserved 1048576K
}

