# JRE version: Java(TM) SE Runtime Environment 18.9 (11.0.11+9) (build 11.0.11+9-LTS-194)
# Java VM: Java HotSpot(TM) 64-Bit Server VM 18.9 (11.0.11+9-LTS-194, mixed mode, tiered, compressed oops, g1 gc, windows-amd64)
Heap:
 garbage-first heap   total 196608K, used 54610K [0x0000000080000000, 0x0000000100000000)
  region size 1024K, 24 young (24576K), 4 survivors (4096K)
 Metaspace       used 38595K, capacity 40187K, committed 40448K, reserved 1085440K
  class space    used 3755K, capacity 4260K, committed 4352K, reserved 1048576K
GC Heap History (10 events):
Event: 63.803 GC heap before
{Heap before GC invocations=14 (full 0):
 garbage-first heap   total 196608K, used 141389K [0x0000000080000000, 0x0000000100000000)
  region size 1024K, 115 young (117760K), 10 survivors (10240K)
 Metaspace       used 31712K, capacity 33081K, committed 33408K, reserved 1079296K
  class space    used 3194K, capacity 3612K, committed 3712K, reserved 1048576K
}
Event: 63.825 GC heap after
{Heap after GC invocations=15 (full 0):
 garbage-first heap   total 196608K, used 34318K [0x0000000080000000, 0x0000000100000000)
  region size 1024K, 7 young (7168K), 7 survivors (7168K)
 Metaspace       used 31712K, capacity 33081K, committed 33408K, reserved 1079296K
  class space    used 3194K, capacity 3612K, committed 3712K, reserved 1048576K
}
Event: 66.169 GC heap before
{Heap before GC invocations=15 (full 0):
 garbage-first heap   total 196608K, used 144910K [0x0000000080000000, 0x0000000100000000)
  region size 1024K, 115 young (117760K), 7 survivors (7168K)
 Metaspace       used 31859K, capacity 33273K, committed 33408K, reserved 1079296K
  class space    used 3195K, capacity 3612K, committed 3712K, reserved 1048576K
}
Event: 66.186 GC heap after
{Heap after GC invocations=16 (full 0):
 garbage-first heap   total 196608K, used 34159K [0x0000000080000000, 0x0000000100000000)
  region size 1024K, 7 young (7168K), 7 survivors (7168K)
 Metaspace       used 31859K, capacity 33273K, committed 33408K, reserved 1079296K
  class space    used 3195K, capacity 3612K, committed 3712K, reserved 1048576K
}
Event: 68.772 GC heap before
{Heap before GC invocations=16 (full 0):
 garbage-first heap   total 196608K, used 144751K [0x0000000080000000, 0x0000000100000000)
  region size 1024K, 115 young (117760K), 7 survivors (7168K)
 Metaspace       used 32256K, capacity 33670K, committed 33920K, reserved 1079296K
  class space    used 3243K, capacity 3678K, committed 3712K, reserved 1048576K
}
Event: 68.792 GC heap after
{Heap after GC invocations=17 (full 0):
 garbage-first heap   total 196608K, used 34483K [0x0000000080000000, 0x0000000100000000)
  region size 1024K, 7 young (7168K), 7 survivors (7168K)
 Metaspace       used 32256K, capacity 33670K, committed 33920K, reserved 1079296K
  class space    used 3243K, capacity 3678K, committed 3712K, reserved 1048576K
}
Event: 70.592 GC heap before
{Heap before GC invocations=17 (full 0):
 garbage-first heap   total 196608K, used 73395K [0x0000000080000000, 0x0000000100000000)
  region size 1024K, 46 young (47104K), 7 survivors (7168K)
 Metaspace       used 34303K, capacity 35733K, committed 35840K, reserved 1081344K
  class space    used 3420K, capacity 3887K, committed 3968K, reserved 1048576K
}
Event: 70.616 GC heap after
{Heap after GC invocations=18 (full 0):
 garbage-first heap   total 196608K, used 38909K [0x0000000080000000, 0x0000000100000000)
  region size 1024K, 12 young (12288K), 12 survivors (12288K)
 Metaspace       used 34303K, capacity 35733K, committed 35840K, reserved 1081344K
  class space    used 3420K, capacity 3887K, committed 3968K, reserved 1048576K
}
Event: 77.299 GC heap before
{Heap before GC invocations=19 (full 0):
 garbage-first heap   total 196608K, used 137213K [0x0000000080000000, 0x0000000100000000)
  region size 1024K, 108 young (110592K), 12 survivors (12288K)
 Metaspace       used 34819K, capacity 36274K, committed 36352K, reserved 1081344K
  class space    used 3441K, capacity 3892K, committed 3968K, reserved 1048576K
}
Event: 77.312 GC heap after
{Heap after GC invocations=20 (full 0):
 garbage-first heap   total 196608K, used 33336K [0x0000000080000000, 0x0000000100000000)
  region size 1024K, 5 young (5120K), 5 survivors (5120K)
 Metaspace       used 34819K, capacity 36274K, committed 36352K, reserved 1081344K
  class space    used 3441K, capacity 3892K, committed 3968K, reserved 1048576K
}

