# JRE version: Java(TM) SE Runtime Environment 18.9 (11.0.11+9) (build 11.0.11+9-LTS-194)
# Java VM: Java HotSpot(TM) 64-Bit Server VM 18.9 (11.0.11+9-LTS-194, mixed mode, tiered, compressed oops, g1 gc, windows-amd64)
Heap:
 garbage-first heap   total 237568K, used 144773K [0x0000000080000000, 0x0000000100000000)
  region size 1024K, 55 young (56320K), 8 survivors (8192K)
 Metaspace       used 51941K, capacity 53794K, committed 53888K, reserved 1097728K
  class space    used 4924K, capacity 5473K, committed 5504K, reserved 1048576K
GC Heap History (10 events):
Event: 54.625 GC heap before
{Heap before GC invocations=29 (full 0):
 garbage-first heap   total 237568K, used 183235K [0x0000000080000000, 0x0000000100000000)
  region size 1024K, 96 young (98304K), 9 survivors (9216K)
 Metaspace       used 45640K, capacity 47297K, committed 47488K, reserved 1091584K
  class space    used 4168K, capacity 4685K, committed 4736K, reserved 1048576K
}
Event: 54.654 GC heap after
{Heap after GC invocations=30 (full 0):
 garbage-first heap   total 237568K, used 95575K [0x0000000080000000, 0x0000000100000000)
  region size 1024K, 8 young (8192K), 8 survivors (8192K)
 Metaspace       used 45640K, capacity 47297K, committed 47488K, reserved 1091584K
  class space    used 4168K, capacity 4685K, committed 4736K, reserved 1048576K
}
Event: 56.633 GC heap before
{Heap before GC invocations=30 (full 0):
 garbage-first heap   total 237568K, used 185687K [0x0000000080000000, 0x0000000100000000)
  region size 1024K, 97 young (99328K), 8 survivors (8192K)
 Metaspace       used 45995K, capacity 47680K, committed 47744K, reserved 1091584K
  class space    used 4196K, capacity 4723K, committed 4736K, reserved 1048576K
}
Event: 56.656 GC heap after
{Heap after GC invocations=31 (full 0):
 garbage-first heap   total 237568K, used 96377K [0x0000000080000000, 0x0000000100000000)
  region size 1024K, 7 young (7168K), 7 survivors (7168K)
 Metaspace       used 45995K, capacity 47680K, committed 47744K, reserved 1091584K
  class space    used 4196K, capacity 4723K, committed 4736K, reserved 1048576K
}
Event: 57.282 GC heap before
{Heap before GC invocations=31 (full 0):
 garbage-first heap   total 237568K, used 190585K [0x0000000080000000, 0x0000000100000000)
  region size 1024K, 99 young (101376K), 7 survivors (7168K)
 Metaspace       used 46023K, capacity 47680K, committed 47744K, reserved 1091584K
  class space    used 4196K, capacity 4723K, committed 4736K, reserved 1048576K
}
Event: 57.302 GC heap after
{Heap after GC invocations=32 (full 0):
 garbage-first heap   total 237568K, used 96319K [0x0000000080000000, 0x0000000100000000)
  region size 1024K, 7 young (7168K), 7 survivors (7168K)
 Metaspace       used 46023K, capacity 47680K, committed 47744K, reserved 1091584K
  class space    used 4196K, capacity 4723K, committed 4736K, reserved 1048576K
}
Event: 58.897 GC heap before
{Heap before GC invocations=32 (full 0):
 garbage-first heap   total 237568K, used 193599K [0x0000000080000000, 0x0000000100000000)
  region size 1024K, 102 young (104448K), 7 survivors (7168K)
 Metaspace       used 48929K, capacity 50673K, committed 50944K, reserved 1095680K
  class space    used 4475K, capacity 5038K, committed 5120K, reserved 1048576K
}
Event: 58.917 GC heap after
{Heap after GC invocations=33 (full 0):
 garbage-first heap   total 237568K, used 96928K [0x0000000080000000, 0x0000000100000000)
  region size 1024K, 7 young (7168K), 7 survivors (7168K)
 Metaspace       used 48929K, capacity 50673K, committed 50944K, reserved 1095680K
  class space    used 4475K, capacity 5038K, committed 5120K, reserved 1048576K
}
Event: 59.715 GC heap before
{Heap before GC invocations=33 (full 0):
 garbage-first heap   total 237568K, used 199328K [0x0000000080000000, 0x0000000100000000)
  region size 1024K, 104 young (106496K), 7 survivors (7168K)
 Metaspace       used 49053K, capacity 50833K, committed 50944K, reserved 1095680K
  class space    used 4482K, capacity 5043K, committed 5120K, reserved 1048576K
}
Event: 59.733 GC heap after
{Heap after GC invocations=34 (full 0):
 garbage-first heap   total 237568K, used 97669K [0x0000000080000000, 0x0000000100000000)
  region size 1024K, 8 young (8192K), 8 survivors (8192K)
 Metaspace       used 49053K, capacity 50833K, committed 50944K, reserved 1095680K
  class space    used 4482K, capacity 5043K, committed 5120K, reserved 1048576K
}

