# JRE version: Java(TM) SE Runtime Environment 18.9 (11.0.11+9) (build 11.0.11+9-LTS-194)
# Java VM: Java HotSpot(TM) 64-Bit Server VM 18.9 (11.0.11+9-LTS-194, mixed mode, tiered, compressed oops, g1 gc, windows-amd64)
Heap:
 garbage-first heap   total 515072K, used 356480K [0x0000000080000000, 0x0000000100000000)
  region size 1024K, 82 young (83968K), 18 survivors (18432K)
 Metaspace       used 122503K, capacity 140906K, committed 141100K, reserved 1173504K
  class space    used 13632K, capacity 16485K, committed 16512K, reserved 1048576K
GC Heap History (10 events):
Event: 279.765 GC heap before
{Heap before GC invocations=119 (full 0):
 garbage-first heap   total 515072K, used 391424K [0x0000000080000000, 0x0000000100000000)
  region size 1024K, 153 young (156672K), 21 survivors (21504K)
 Metaspace       used 120520K, capacity 138024K, committed 138156K, reserved 1171456K
  class space    used 13373K, capacity 16114K, committed 16128K, reserved 1048576K
}
Event: 279.780 GC heap after
{Heap after GC invocations=120 (full 0):
 garbage-first heap   total 515072K, used 262641K [0x0000000080000000, 0x0000000100000000)
  region size 1024K, 20 young (20480K), 20 survivors (20480K)
 Metaspace       used 120520K, capacity 138024K, committed 138156K, reserved 1171456K
  class space    used 13373K, capacity 16114K, committed 16128K, reserved 1048576K
}
Event: 281.358 GC heap before
{Heap before GC invocations=120 (full 0):
 garbage-first heap   total 515072K, used 392689K [0x0000000080000000, 0x0000000100000000)
  region size 1024K, 148 young (151552K), 20 survivors (20480K)
 Metaspace       used 120761K, capacity 138685K, committed 138796K, reserved 1171456K
  class space    used 13386K, capacity 16159K, committed 16256K, reserved 1048576K
}
Event: 281.391 GC heap after
{Heap after GC invocations=121 (full 0):
 garbage-first heap   total 515072K, used 268279K [0x0000000080000000, 0x0000000100000000)
  region size 1024K, 19 young (19456K), 19 survivors (19456K)
 Metaspace       used 120761K, capacity 138685K, committed 138796K, reserved 1171456K
  class space    used 13386K, capacity 16159K, committed 16256K, reserved 1048576K
}
Event: 282.837 GC heap before
{Heap before GC invocations=121 (full 0):
 garbage-first heap   total 515072K, used 396279K [0x0000000080000000, 0x0000000100000000)
  region size 1024K, 144 young (147456K), 19 survivors (19456K)
 Metaspace       used 121132K, capacity 139369K, committed 139564K, reserved 1173504K
  class space    used 13412K, capacity 16238K, committed 16256K, reserved 1048576K
}
Event: 282.857 GC heap after
{Heap after GC invocations=122 (full 0):
 garbage-first heap   total 515072K, used 274934K [0x0000000080000000, 0x0000000100000000)
  region size 1024K, 18 young (18432K), 18 survivors (18432K)
 Metaspace       used 121132K, capacity 139369K, committed 139564K, reserved 1173504K
  class space    used 13412K, capacity 16238K, committed 16256K, reserved 1048576K
}
Event: 284.216 GC heap before
{Heap before GC invocations=122 (full 0):
 garbage-first heap   total 515072K, used 397814K [0x0000000080000000, 0x0000000100000000)
  region size 1024K, 139 young (142336K), 18 survivors (18432K)
 Metaspace       used 121184K, capacity 139529K, committed 139564K, reserved 1173504K
  class space    used 13414K, capacity 16243K, committed 16256K, reserved 1048576K
}
Event: 284.235 GC heap after
{Heap after GC invocations=123 (full 0):
 garbage-first heap   total 515072K, used 278980K [0x0000000080000000, 0x0000000100000000)
  region size 1024K, 18 young (18432K), 18 survivors (18432K)
 Metaspace       used 121184K, capacity 139529K, committed 139564K, reserved 1173504K
  class space    used 13414K, capacity 16243K, committed 16256K, reserved 1048576K
}
Event: 285.803 GC heap before
{Heap before GC invocations=123 (full 0):
 garbage-first heap   total 515072K, used 399812K [0x0000000080000000, 0x0000000100000000)
  region size 1024K, 137 young (140288K), 18 survivors (18432K)
 Metaspace       used 121220K, capacity 139561K, committed 139820K, reserved 1173504K
  class space    used 13417K, capacity 16250K, committed 16256K, reserved 1048576K
}
Event: 285.817 GC heap after
{Heap after GC invocations=124 (full 0):
 garbage-first heap   total 515072K, used 290944K [0x0000000080000000, 0x0000000100000000)
  region size 1024K, 18 young (18432K), 18 survivors (18432K)
 Metaspace       used 121220K, capacity 139561K, committed 139820K, reserved 1173504K
  class space    used 13417K, capacity 16250K, committed 16256K, reserved 1048576K
}

