# JRE version: Java(TM) SE Runtime Environment 18.9 (11.0.11+9) (build 11.0.11+9-LTS-194)
# Java VM: Java HotSpot(TM) 64-Bit Server VM 18.9 (11.0.11+9-LTS-194, mixed mode, tiered, compressed oops, g1 gc, windows-amd64)
Heap:
 garbage-first heap   total 236544K, used 176510K [0x0000000080000000, 0x0000000100000000)
  region size 1024K, 98 young (100352K), 9 survivors (9216K)
 Metaspace       used 45168K, capacity 46732K, committed 46976K, reserved 1091584K
  class space    used 4137K, capacity 4644K, committed 4736K, reserved 1048576K
GC Heap History (10 events):
Event: 66.569 GC heap after
{Heap after GC invocations=24 (full 0):
 garbage-first heap   total 196608K, used 52990K [0x0000000080000000, 0x0000000100000000)
  region size 1024K, 10 young (10240K), 10 survivors (10240K)
 Metaspace       used 41317K, capacity 42911K, committed 43264K, reserved 1087488K
  class space    used 3991K, capacity 4507K, committed 4608K, reserved 1048576K
}
Event: 70.505 GC heap before
{Heap before GC invocations=24 (full 0):
 garbage-first heap   total 196608K, used 153342K [0x0000000080000000, 0x0000000100000000)
  region size 1024K, 109 young (111616K), 10 survivors (10240K)
 Metaspace       used 43534K, capacity 45196K, committed 45440K, reserved 1089536K
  class space    used 4114K, capacity 4644K, committed 4736K, reserved 1048576K
}
Event: 70.570 GC heap after
{Heap after GC invocations=25 (full 0):
 garbage-first heap   total 196608K, used 76201K [0x0000000080000000, 0x0000000100000000)
  region size 1024K, 14 young (14336K), 14 survivors (14336K)
 Metaspace       used 43534K, capacity 45196K, committed 45440K, reserved 1089536K
  class space    used 4114K, capacity 4644K, committed 4736K, reserved 1048576K
}
Event: 73.359 GC heap before
{Heap before GC invocations=25 (full 0):
 garbage-first heap   total 196608K, used 148905K [0x0000000080000000, 0x0000000100000000)
  region size 1024K, 85 young (87040K), 14 survivors (14336K)
 Metaspace       used 44726K, capacity 46348K, committed 46464K, reserved 1091584K
  class space    used 4126K, capacity 4644K, committed 4736K, reserved 1048576K
}
Event: 73.435 GC heap after
{Heap after GC invocations=26 (full 0):
 garbage-first heap   total 196608K, used 81920K [0x0000000080000000, 0x0000000100000000)
  region size 1024K, 5 young (5120K), 5 survivors (5120K)
 Metaspace       used 44726K, capacity 46348K, committed 46464K, reserved 1091584K
  class space    used 4126K, capacity 4644K, committed 4736K, reserved 1048576K
}
Event: 79.380 GC heap before
{Heap before GC invocations=26 (full 0):
 garbage-first heap   total 196608K, used 152576K [0x0000000080000000, 0x0000000100000000)
  region size 1024K, 74 young (75776K), 5 survivors (5120K)
 Metaspace       used 45103K, capacity 46668K, committed 46976K, reserved 1091584K
  class space    used 4137K, capacity 4644K, committed 4736K, reserved 1048576K
}
Event: 79.401 GC heap after
{Heap after GC invocations=27 (full 0):
 garbage-first heap   total 236544K, used 83765K [0x0000000080000000, 0x0000000100000000)
  region size 1024K, 7 young (7168K), 7 survivors (7168K)
 Metaspace       used 45103K, capacity 46668K, committed 46976K, reserved 1091584K
  class space    used 4137K, capacity 4644K, committed 4736K, reserved 1048576K
}
Event: 81.761 GC heap before
{Heap before GC invocations=27 (full 0):
 garbage-first heap   total 236544K, used 170805K [0x0000000080000000, 0x0000000100000000)
  region size 1024K, 92 young (94208K), 7 survivors (7168K)
 Metaspace       used 45126K, capacity 46668K, committed 46976K, reserved 1091584K
  class space    used 4137K, capacity 4644K, committed 4736K, reserved 1048576K
}
Event: 81.805 GC heap after
{Heap after GC invocations=28 (full 0):
 garbage-first heap   total 236544K, used 85374K [0x0000000080000000, 0x0000000100000000)
  region size 1024K, 8 young (8192K), 8 survivors (8192K)
 Metaspace       used 45126K, capacity 46668K, committed 46976K, reserved 1091584K
  class space    used 4137K, capacity 4644K, committed 4736K, reserved 1048576K
}
Event: 85.142 GC heap before
{Heap before GC invocations=28 (full 0):
 garbage-first heap   total 236544K, used 176510K [0x0000000080000000, 0x0000000100000000)
  region size 1024K, 97 young (99328K), 8 survivors (8192K)
 Metaspace       used 45168K, capacity 46732K, committed 46976K, reserved 1091584K
  class space    used 4137K, capacity 4644K, committed 4736K, reserved 1048576K
}

