# JRE version: Java(TM) SE Runtime Environment 18.9 (11.0.11+9) (build 11.0.11+9-LTS-194)
# Java VM: Java HotSpot(TM) 64-Bit Server VM 18.9 (11.0.11+9-LTS-194, mixed mode, tiered, compressed oops, g1 gc, windows-amd64)
Heap:
 garbage-first heap   total 346112K, used 216052K [0x0000000080000000, 0x0000000100000000)
  region size 1024K, 80 young (81920K), 8 survivors (8192K)
 Metaspace       used 62147K, capacity 64081K, committed 64256K, reserved 1107968K
  class space    used 5819K, capacity 6382K, committed 6400K, reserved 1048576K
GC Heap History (10 events):
Event: 80.335 GC heap before
{Heap before GC invocations=48 (full 0):
 garbage-first heap   total 346112K, used 259230K [0x0000000080000000, 0x0000000100000000)
  region size 1024K, 130 young (133120K), 12 survivors (12288K)
 Metaspace       used 56350K, capacity 58236K, committed 58368K, reserved 1101824K
  class space    used 5297K, capacity 5864K, committed 5888K, reserved 1048576K
}
Event: 80.366 GC heap after
{Heap after GC invocations=49 (full 0):
 garbage-first heap   total 346112K, used 135150K [0x0000000080000000, 0x0000000100000000)
  region size 1024K, 4 young (4096K), 4 survivors (4096K)
 Metaspace       used 56350K, capacity 58236K, committed 58368K, reserved 1101824K
  class space    used 5297K, capacity 5864K, committed 5888K, reserved 1048576K
}
Event: 82.327 GC heap before
{Heap before GC invocations=49 (full 0):
 garbage-first heap   total 346112K, used 266222K [0x0000000080000000, 0x0000000100000000)
  region size 1024K, 130 young (133120K), 4 survivors (4096K)
 Metaspace       used 61905K, capacity 63822K, committed 64000K, reserved 1107968K
  class space    used 5804K, capacity 6381K, committed 6400K, reserved 1048576K
}
Event: 82.351 GC heap after
{Heap after GC invocations=50 (full 0):
 garbage-first heap   total 346112K, used 142042K [0x0000000080000000, 0x0000000100000000)
  region size 1024K, 10 young (10240K), 10 survivors (10240K)
 Metaspace       used 61905K, capacity 63822K, committed 64000K, reserved 1107968K
  class space    used 5804K, capacity 6381K, committed 6400K, reserved 1048576K
}
Event: 83.718 GC heap before
{Heap before GC invocations=50 (full 0):
 garbage-first heap   total 346112K, used 273114K [0x0000000080000000, 0x0000000100000000)
  region size 1024K, 138 young (141312K), 10 survivors (10240K)
 Metaspace       used 62045K, capacity 63950K, committed 64000K, reserved 1107968K
  class space    used 5806K, capacity 6381K, committed 6400K, reserved 1048576K
}
Event: 83.741 GC heap after
{Heap after GC invocations=51 (full 0):
 garbage-first heap   total 346112K, used 142678K [0x0000000080000000, 0x0000000100000000)
  region size 1024K, 11 young (11264K), 11 survivors (11264K)
 Metaspace       used 62045K, capacity 63950K, committed 64000K, reserved 1107968K
  class space    used 5806K, capacity 6381K, committed 6400K, reserved 1048576K
}
Event: 84.979 GC heap before
{Heap before GC invocations=51 (full 0):
 garbage-first heap   total 346112K, used 276822K [0x0000000080000000, 0x0000000100000000)
  region size 1024K, 142 young (145408K), 11 survivors (11264K)
 Metaspace       used 62108K, capacity 64017K, committed 64256K, reserved 1107968K
  class space    used 5815K, capacity 6382K, committed 6400K, reserved 1048576K
}
Event: 84.997 GC heap after
{Heap after GC invocations=52 (full 0):
 garbage-first heap   total 346112K, used 143382K [0x0000000080000000, 0x0000000100000000)
  region size 1024K, 8 young (8192K), 8 survivors (8192K)
 Metaspace       used 62108K, capacity 64017K, committed 64256K, reserved 1107968K
  class space    used 5815K, capacity 6382K, committed 6400K, reserved 1048576K
}
Event: 86.123 GC heap before
{Heap before GC invocations=52 (full 0):
 garbage-first heap   total 346112K, used 287766K [0x0000000080000000, 0x0000000100000000)
  region size 1024K, 149 young (152576K), 8 survivors (8192K)
 Metaspace       used 62146K, capacity 64081K, committed 64256K, reserved 1107968K
  class space    used 5819K, capacity 6382K, committed 6400K, reserved 1048576K
}
Event: 86.137 GC heap after
{Heap after GC invocations=53 (full 0):
 garbage-first heap   total 346112K, used 143348K [0x0000000080000000, 0x0000000100000000)
  region size 1024K, 8 young (8192K), 8 survivors (8192K)
 Metaspace       used 62146K, capacity 64081K, committed 64256K, reserved 1107968K
  class space    used 5819K, capacity 6382K, committed 6400K, reserved 1048576K
}

