# JRE version: Java(TM) SE Runtime Environment 18.9 (11.0.11+9) (build 11.0.11+9-LTS-194)
# Java VM: Java HotSpot(TM) 64-Bit Server VM 18.9 (11.0.11+9-LTS-194, mixed mode, tiered, compressed oops, g1 gc, windows-amd64)
Heap:
 garbage-first heap   total 305152K, used 162059K [0x0000000080000000, 0x0000000100000000)
  region size 1024K, 55 young (56320K), 8 survivors (8192K)
 Metaspace       used 55922K, capacity 57852K, committed 58112K, reserved 1101824K
  class space    used 5281K, capacity 5864K, committed 5888K, reserved 1048576K
GC Heap History (10 events):
Event: 73.940 GC heap before
{Heap before GC invocations=40 (full 0):
 garbage-first heap   total 236544K, used 191884K [0x0000000080000000, 0x0000000100000000)
  region size 1024K, 81 young (82944K), 13 survivors (13312K)
 Metaspace       used 55609K, capacity 57555K, committed 57600K, reserved 1101824K
  class space    used 5279K, capacity 5863K, committed 5888K, reserved 1048576K
}
Event: 74.002 GC heap after
{Heap after GC invocations=41 (full 0):
 garbage-first heap   total 236544K, used 132096K [0x0000000080000000, 0x0000000100000000)
  region size 1024K, 10 young (10240K), 10 survivors (10240K)
 Metaspace       used 55609K, capacity 57555K, committed 57600K, reserved 1101824K
  class space    used 5279K, capacity 5863K, committed 5888K, reserved 1048576K
}
Event: 75.527 GC heap before
{Heap before GC invocations=42 (full 0):
 garbage-first heap   total 236544K, used 171008K [0x0000000080000000, 0x0000000100000000)
  region size 1024K, 69 young (70656K), 10 survivors (10240K)
 Metaspace       used 55672K, capacity 57647K, committed 57856K, reserved 1101824K
  class space    used 5278K, capacity 5859K, committed 5888K, reserved 1048576K
}
Event: 75.579 GC heap after
{Heap after GC invocations=43 (full 0):
 garbage-first heap   total 236544K, used 117174K [0x0000000080000000, 0x0000000100000000)
  region size 1024K, 7 young (7168K), 7 survivors (7168K)
 Metaspace       used 55672K, capacity 57647K, committed 57856K, reserved 1101824K
  class space    used 5278K, capacity 5859K, committed 5888K, reserved 1048576K
}
Event: 75.633 GC heap before
{Heap before GC invocations=43 (full 0):
 garbage-first heap   total 236544K, used 121270K [0x0000000080000000, 0x0000000100000000)
  region size 1024K, 11 young (11264K), 7 survivors (7168K)
 Metaspace       used 55676K, capacity 57647K, committed 57856K, reserved 1101824K
  class space    used 5278K, capacity 5859K, committed 5888K, reserved 1048576K
}
Event: 75.661 GC heap after
{Heap after GC invocations=44 (full 0):
 garbage-first heap   total 305152K, used 100149K [0x0000000080000000, 0x0000000100000000)
  region size 1024K, 2 young (2048K), 2 survivors (2048K)
 Metaspace       used 55676K, capacity 57647K, committed 57856K, reserved 1101824K
  class space    used 5278K, capacity 5859K, committed 5888K, reserved 1048576K
}
Event: 76.958 GC heap before
{Heap before GC invocations=44 (full 0):
 garbage-first heap   total 305152K, used 207669K [0x0000000080000000, 0x0000000100000000)
  region size 1024K, 107 young (109568K), 2 survivors (2048K)
 Metaspace       used 55817K, capacity 57776K, committed 57856K, reserved 1101824K
  class space    used 5278K, capacity 5859K, committed 5888K, reserved 1048576K
}
Event: 76.977 GC heap after
{Heap after GC invocations=45 (full 0):
 garbage-first heap   total 305152K, used 107397K [0x0000000080000000, 0x0000000100000000)
  region size 1024K, 9 young (9216K), 9 survivors (9216K)
 Metaspace       used 55817K, capacity 57776K, committed 57856K, reserved 1101824K
  class space    used 5278K, capacity 5859K, committed 5888K, reserved 1048576K
}
Event: 77.947 GC heap before
{Heap before GC invocations=45 (full 0):
 garbage-first heap   total 305152K, used 216965K [0x0000000080000000, 0x0000000100000000)
  region size 1024K, 116 young (118784K), 9 survivors (9216K)
 Metaspace       used 55845K, capacity 57843K, committed 58112K, reserved 1101824K
  class space    used 5279K, capacity 5860K, committed 5888K, reserved 1048576K
}
Event: 77.975 GC heap after
{Heap after GC invocations=46 (full 0):
 garbage-first heap   total 305152K, used 114955K [0x0000000080000000, 0x0000000100000000)
  region size 1024K, 8 young (8192K), 8 survivors (8192K)
 Metaspace       used 55845K, capacity 57843K, committed 58112K, reserved 1101824K
  class space    used 5279K, capacity 5860K, committed 5888K, reserved 1048576K
}

