# JRE version: Java(TM) SE Runtime Environment 18.9 (11.0.11+9) (build 11.0.11+9-LTS-194)
# Java VM: Java HotSpot(TM) 64-Bit Server VM 18.9 (11.0.11+9-LTS-194, mixed mode, tiered, compressed oops, g1 gc, windows-amd64)
Heap:
 garbage-first heap   total 196608K, used 146869K [0x0000000080000000, 0x0000000100000000)
  region size 1024K, 110 young (112640K), 9 survivors (9216K)
 Metaspace       used 41365K, capacity 42974K, committed 43264K, reserved 1087488K
  class space    used 3992K, capacity 4507K, committed 4608K, reserved 1048576K
GC Heap History (10 events):
Event: 63.125 GC heap after
{Heap after GC invocations=18 (full 0):
 garbage-first heap   total 196608K, used 34474K [0x0000000080000000, 0x0000000100000000)
  region size 1024K, 7 young (7168K), 7 survivors (7168K)
 Metaspace       used 31817K, capacity 33208K, committed 33408K, reserved 1079296K
  class space    used 3195K, capacity 3612K, committed 3712K, reserved 1048576K
}
Event: 68.473 GC heap before
{Heap before GC invocations=18 (full 0):
 garbage-first heap   total 196608K, used 126634K [0x0000000080000000, 0x0000000100000000)
  region size 1024K, 98 young (100352K), 7 survivors (7168K)
 Metaspace       used 34296K, capacity 35733K, committed 35840K, reserved 1081344K
  class space    used 3420K, capacity 3887K, committed 3968K, reserved 1048576K
}
Event: 68.559 GC heap after
{Heap after GC invocations=19 (full 0):
 garbage-first heap   total 196608K, used 39948K [0x0000000080000000, 0x0000000100000000)
  region size 1024K, 13 young (13312K), 13 survivors (13312K)
 Metaspace       used 34296K, capacity 35733K, committed 35840K, reserved 1081344K
  class space    used 3420K, capacity 3887K, committed 3968K, reserved 1048576K
}
Event: 75.090 GC heap before
{Heap before GC invocations=20 (full 0):
 garbage-first heap   total 196608K, used 144396K [0x0000000080000000, 0x0000000100000000)
  region size 1024K, 115 young (117760K), 13 survivors (13312K)
 Metaspace       used 34858K, capacity 36357K, committed 36608K, reserved 1081344K
  class space    used 3452K, capacity 3898K, committed 3968K, reserved 1048576K
}
Event: 75.150 GC heap after
{Heap after GC invocations=21 (full 0):
 garbage-first heap   total 196608K, used 34097K [0x0000000080000000, 0x0000000100000000)
  region size 1024K, 6 young (6144K), 6 survivors (6144K)
 Metaspace       used 34858K, capacity 36357K, committed 36608K, reserved 1081344K
  class space    used 3452K, capacity 3898K, committed 3968K, reserved 1048576K
}
Event: 77.722 GC heap before
{Heap before GC invocations=21 (full 0):
 garbage-first heap   total 196608K, used 148785K [0x0000000080000000, 0x0000000100000000)
  region size 1024K, 115 young (117760K), 6 survivors (6144K)
 Metaspace       used 38056K, capacity 39623K, committed 39808K, reserved 1085440K
  class space    used 3700K, capacity 4179K, committed 4224K, reserved 1048576K
}
Event: 77.759 GC heap after
{Heap after GC invocations=22 (full 0):
 garbage-first heap   total 196608K, used 33871K [0x0000000080000000, 0x0000000100000000)
  region size 1024K, 5 young (5120K), 5 survivors (5120K)
 Metaspace       used 38056K, capacity 39623K, committed 39808K, reserved 1085440K
  class space    used 3700K, capacity 4179K, committed 4224K, reserved 1048576K
}
Event: 80.221 GC heap before
{Heap before GC invocations=22 (full 0):
 garbage-first heap   total 196608K, used 145487K [0x0000000080000000, 0x0000000100000000)
  region size 1024K, 115 young (117760K), 5 survivors (5120K)
 Metaspace       used 40002K, capacity 41623K, committed 41856K, reserved 1087488K
  class space    used 3890K, capacity 4396K, committed 4480K, reserved 1048576K
}
Event: 80.267 GC heap after
{Heap after GC invocations=23 (full 0):
 garbage-first heap   total 196608K, used 43445K [0x0000000080000000, 0x0000000100000000)
  region size 1024K, 14 young (14336K), 14 survivors (14336K)
 Metaspace       used 40002K, capacity 41623K, committed 41856K, reserved 1087488K
  class space    used 3890K, capacity 4396K, committed 4480K, reserved 1048576K
}
Event: 83.483 GC heap before
{Heap before GC invocations=23 (full 0):
 garbage-first heap   total 196608K, used 146869K [0x0000000080000000, 0x0000000100000000)
  region size 1024K, 115 young (117760K), 14 survivors (14336K)
 Metaspace       used 41365K, capacity 42974K, committed 43264K, reserved 1087488K
  class space    used 3992K, capacity 4507K, committed 4608K, reserved 1048576K
}

