# JRE version: Java(TM) SE Runtime Environment 18.9 (11.0.11+9) (build 11.0.11+9-LTS-194)
# Java VM: Java HotSpot(TM) 64-Bit Server VM 18.9 (11.0.11+9-LTS-194, mixed mode, tiered, compressed oops, g1 gc, windows-amd64)
Heap:
 garbage-first heap   total 422912K, used 349696K [0x0000000080000000, 0x0000000100000000)
  region size 1024K, 133 young (136192K), 7 survivors (7168K)
 Metaspace       used 66637K, capacity 69606K, committed 69760K, reserved 1112064K
  class space    used 6118K, capacity 6755K, committed 6784K, reserved 1048576K
GC Heap History (10 events):
Event: 129.120 GC heap after
{Heap after GC invocations=73 (full 0):
 garbage-first heap   total 422912K, used 172462K [0x0000000080000000, 0x0000000100000000)
  region size 1024K, 11 young (11264K), 11 survivors (11264K)
 Metaspace       used 65860K, capacity 68697K, committed 68992K, reserved 1112064K
  class space    used 6105K, capacity 6714K, committed 6784K, reserved 1048576K
}
Event: 131.860 GC heap before
{Heap before GC invocations=73 (full 0):
 garbage-first heap   total 422912K, used 353710K [0x0000000080000000, 0x0000000100000000)
  region size 1024K, 188 young (192512K), 11 survivors (11264K)
 Metaspace       used 66451K, capacity 69285K, committed 69504K, reserved 1112064K
  class space    used 6113K, capacity 6717K, committed 6784K, reserved 1048576K
}
Event: 131.884 GC heap after
{Heap after GC invocations=74 (full 0):
 garbage-first heap   total 422912K, used 172496K [0x0000000080000000, 0x0000000100000000)
  region size 1024K, 11 young (11264K), 11 survivors (11264K)
 Metaspace       used 66451K, capacity 69285K, committed 69504K, reserved 1112064K
  class space    used 6113K, capacity 6717K, committed 6784K, reserved 1048576K
}
Event: 133.549 GC heap before
{Heap before GC invocations=74 (full 0):
 garbage-first heap   total 422912K, used 359888K [0x0000000080000000, 0x0000000100000000)
  region size 1024K, 191 young (195584K), 11 survivors (11264K)
 Metaspace       used 66493K, capacity 69425K, committed 69504K, reserved 1112064K
  class space    used 6114K, capacity 6721K, committed 6784K, reserved 1048576K
}
Event: 133.587 GC heap after
{Heap after GC invocations=75 (full 0):
 garbage-first heap   total 422912K, used 180202K [0x0000000080000000, 0x0000000100000000)
  region size 1024K, 19 young (19456K), 19 survivors (19456K)
 Metaspace       used 66493K, capacity 69425K, committed 69504K, reserved 1112064K
  class space    used 6114K, capacity 6721K, committed 6784K, reserved 1048576K
}
Event: 137.306 GC heap before
{Heap before GC invocations=75 (full 0):
 garbage-first heap   total 422912K, used 355306K [0x0000000080000000, 0x0000000100000000)
  region size 1024K, 191 young (195584K), 19 survivors (19456K)
 Metaspace       used 66539K, capacity 69539K, committed 69760K, reserved 1112064K
  class space    used 6117K, capacity 6755K, committed 6784K, reserved 1048576K
}
Event: 137.402 GC heap after
{Heap after GC invocations=76 (full 0):
 garbage-first heap   total 422912K, used 208353K [0x0000000080000000, 0x0000000100000000)
  region size 1024K, 24 young (24576K), 24 survivors (24576K)
 Metaspace       used 66539K, capacity 69539K, committed 69760K, reserved 1112064K
  class space    used 6117K, capacity 6755K, committed 6784K, reserved 1048576K
}
Event: 139.959 GC heap before
{Heap before GC invocations=76 (full 0):
 garbage-first heap   total 422912K, used 349665K [0x0000000080000000, 0x0000000100000000)
  region size 1024K, 162 young (165888K), 24 survivors (24576K)
 Metaspace       used 66584K, capacity 69606K, committed 69760K, reserved 1112064K
  class space    used 6118K, capacity 6755K, committed 6784K, reserved 1048576K
}
Event: 140.057 GC heap after
{Heap after GC invocations=77 (full 0):
 garbage-first heap   total 422912K, used 220672K [0x0000000080000000, 0x0000000100000000)
  region size 1024K, 12 young (12288K), 12 survivors (12288K)
 Metaspace       used 66584K, capacity 69606K, committed 69760K, reserved 1112064K
  class space    used 6118K, capacity 6755K, committed 6784K, reserved 1048576K
}
Event: 140.998 GC heap before
{Heap before GC invocations=77 (full 0):
 garbage-first heap   total 422912K, used 349696K [0x0000000080000000, 0x0000000100000000)
  region size 1024K, 138 young (141312K), 12 survivors (12288K)
 Metaspace       used 66637K, capacity 69606K, committed 69760K, reserved 1112064K
  class space    used 6118K, capacity 6755K, committed 6784K, reserved 1048576K
}

