# JRE version: Java(TM) SE Runtime Environment 18.9 (11.0.11+9) (build 11.0.11+9-LTS-194)
# Java VM: Java HotSpot(TM) 64-Bit Server VM 18.9 (11.0.11+9-LTS-194, mixed mode, tiered, compressed oops, g1 gc, windows-amd64)
Heap:
 garbage-first heap   total 196608K, used 156478K [0x0000000080000000, 0x0000000100000000)
  region size 1024K, 108 young (110592K), 14 survivors (14336K)
 Metaspace       used 43960K, capacity 45548K, committed 45692K, reserved 1089536K
  class space    used 4123K, capacity 4612K, committed 4732K, reserved 1048576K
GC Heap History (10 events):
Event: 38.750 GC heap after
{Heap after GC invocations=20 (full 0):
 garbage-first heap   total 196608K, used 39441K [0x0000000080000000, 0x0000000100000000)
  region size 1024K, 6 young (6144K), 6 survivors (6144K)
 Metaspace       used 34430K, capacity 35878K, committed 35964K, reserved 1081344K
  class space    used 3421K, capacity 3891K, committed 3964K, reserved 1048576K
}
Event: 41.965 GC heap before
{Heap before GC invocations=21 (full 0):
 garbage-first heap   total 196608K, used 151057K [0x0000000080000000, 0x0000000100000000)
  region size 1024K, 115 young (117760K), 6 survivors (6144K)
 Metaspace       used 34947K, capacity 36389K, committed 36476K, reserved 1081344K
  class space    used 3458K, capacity 3909K, committed 3964K, reserved 1048576K
}
Event: 41.978 GC heap after
{Heap after GC invocations=22 (full 0):
 garbage-first heap   total 196608K, used 38929K [0x0000000080000000, 0x0000000100000000)
  region size 1024K, 5 young (5120K), 5 survivors (5120K)
 Metaspace       used 34947K, capacity 36389K, committed 36476K, reserved 1081344K
  class space    used 3458K, capacity 3909K, committed 3964K, reserved 1048576K
}
Event: 43.224 GC heap before
{Heap before GC invocations=22 (full 0):
 garbage-first heap   total 196608K, used 154641K [0x0000000080000000, 0x0000000100000000)
  region size 1024K, 115 young (117760K), 5 survivors (5120K)
 Metaspace       used 38721K, capacity 40230K, committed 40444K, reserved 1085440K
  class space    used 3759K, capacity 4229K, committed 4348K, reserved 1048576K
}
Event: 43.235 GC heap after
{Heap after GC invocations=23 (full 0):
 garbage-first heap   total 196608K, used 40905K [0x0000000080000000, 0x0000000100000000)
  region size 1024K, 6 young (6144K), 6 survivors (6144K)
 Metaspace       used 38721K, capacity 40230K, committed 40444K, reserved 1085440K
  class space    used 3759K, capacity 4229K, committed 4348K, reserved 1048576K
}
Event: 44.336 GC heap before
{Heap before GC invocations=23 (full 0):
 garbage-first heap   total 196608K, used 152521K [0x0000000080000000, 0x0000000100000000)
  region size 1024K, 115 young (117760K), 6 survivors (6144K)
 Metaspace       used 40033K, capacity 41560K, committed 41852K, reserved 1087488K
  class space    used 3891K, capacity 4396K, committed 4476K, reserved 1048576K
}
Event: 44.363 GC heap after
{Heap after GC invocations=24 (full 0):
 garbage-first heap   total 196608K, used 49169K [0x0000000080000000, 0x0000000100000000)
  region size 1024K, 14 young (14336K), 14 survivors (14336K)
 Metaspace       used 40033K, capacity 41560K, committed 41852K, reserved 1087488K
  class space    used 3891K, capacity 4396K, committed 4476K, reserved 1048576K
}
Event: 46.826 GC heap before
{Heap before GC invocations=24 (full 0):
 garbage-first heap   total 196608K, used 152593K [0x0000000080000000, 0x0000000100000000)
  region size 1024K, 115 young (117760K), 14 survivors (14336K)
 Metaspace       used 41451K, capacity 43007K, committed 43260K, reserved 1087488K
  class space    used 3996K, capacity 4475K, committed 4604K, reserved 1048576K
}
Event: 46.875 GC heap after
{Heap after GC invocations=25 (full 0):
 garbage-first heap   total 196608K, used 60222K [0x0000000080000000, 0x0000000100000000)
  region size 1024K, 11 young (11264K), 11 survivors (11264K)
 Metaspace       used 41451K, capacity 43007K, committed 43260K, reserved 1087488K
  class space    used 3996K, capacity 4475K, committed 4604K, reserved 1048576K
}
Event: 51.215 GC heap before
{Heap before GC invocations=25 (full 0):
 garbage-first heap   total 196608K, used 155454K [0x0000000080000000, 0x0000000100000000)
  region size 1024K, 105 young (107520K), 11 survivors (11264K)
 Metaspace       used 43960K, capacity 45548K, committed 45692K, reserved 1089536K
  class space    used 4123K, capacity 4612K, committed 4732K, reserved 1048576K
}

