# JRE version: Java(TM) SE Runtime Environment 18.9 (11.0.11+9) (build 11.0.11+9-LTS-194)
# Java VM: Java HotSpot(TM) 64-Bit Server VM 18.9 (11.0.11+9-LTS-194, mixed mode, tiered, compressed oops, g1 gc, windows-amd64)
Heap:
 garbage-first heap   total 506880K, used 393254K [0x0000000080000000, 0x0000000100000000)
  region size 1024K, 219 young (224256K), 10 survivors (10240K)
 Metaspace       used 66982K, capacity 70573K, committed 70912K, reserved 1114112K
  class space    used 6136K, capacity 6787K, committed 6912K, reserved 1048576K
GC Heap History (10 events):
Event: 131.015 GC heap before
{Heap before GC invocations=82 (full 0):
 garbage-first heap   total 506880K, used 387770K [0x0000000080000000, 0x0000000100000000)
  region size 1024K, 238 young (243712K), 9 survivors (9216K)
 Metaspace       used 66677K, capacity 69859K, committed 70016K, reserved 1112064K
  class space    used 6121K, capacity 6760K, committed 6784K, reserved 1048576K
}
Event: 131.037 GC heap after
{Heap after GC invocations=83 (full 0):
 garbage-first heap   total 506880K, used 156884K [0x0000000080000000, 0x0000000100000000)
  region size 1024K, 12 young (12288K), 12 survivors (12288K)
 Metaspace       used 66677K, capacity 69859K, committed 70016K, reserved 1112064K
  class space    used 6121K, capacity 6760K, committed 6784K, reserved 1048576K
}
Event: 134.071 GC heap before
{Heap before GC invocations=83 (full 0):
 garbage-first heap   total 506880K, used 396500K [0x0000000080000000, 0x0000000100000000)
  region size 1024K, 244 young (249856K), 12 survivors (12288K)
 Metaspace       used 66705K, capacity 69941K, committed 70016K, reserved 1112064K
  class space    used 6122K, capacity 6762K, committed 6784K, reserved 1048576K
}
Event: 134.147 GC heap after
{Heap after GC invocations=84 (full 0):
 garbage-first heap   total 506880K, used 179130K [0x0000000080000000, 0x0000000100000000)
  region size 1024K, 31 young (31744K), 31 survivors (31744K)
 Metaspace       used 66705K, capacity 69941K, committed 70016K, reserved 1112064K
  class space    used 6122K, capacity 6762K, committed 6784K, reserved 1048576K
}
Event: 136.800 GC heap before
{Heap before GC invocations=84 (full 0):
 garbage-first heap   total 506880K, used 402362K [0x0000000080000000, 0x0000000100000000)
  region size 1024K, 246 young (251904K), 31 survivors (31744K)
 Metaspace       used 66776K, capacity 70099K, committed 70272K, reserved 1112064K
  class space    used 6126K, capacity 6768K, committed 6784K, reserved 1048576K
}
Event: 136.875 GC heap after
{Heap after GC invocations=85 (full 0):
 garbage-first heap   total 506880K, used 177246K [0x0000000080000000, 0x0000000100000000)
  region size 1024K, 9 young (9216K), 9 survivors (9216K)
 Metaspace       used 66776K, capacity 70099K, committed 70272K, reserved 1112064K
  class space    used 6126K, capacity 6768K, committed 6784K, reserved 1048576K
}
Event: 138.225 GC heap before
{Heap before GC invocations=85 (full 0):
 garbage-first heap   total 506880K, used 403550K [0x0000000080000000, 0x0000000100000000)
  region size 1024K, 228 young (233472K), 9 survivors (9216K)
 Metaspace       used 66798K, capacity 70123K, committed 70272K, reserved 1112064K
  class space    used 6128K, capacity 6771K, committed 6784K, reserved 1048576K
}
Event: 138.242 GC heap after
{Heap after GC invocations=86 (full 0):
 garbage-first heap   total 506880K, used 177758K [0x0000000080000000, 0x0000000100000000)
  region size 1024K, 9 young (9216K), 9 survivors (9216K)
 Metaspace       used 66798K, capacity 70123K, committed 70272K, reserved 1112064K
  class space    used 6128K, capacity 6771K, committed 6784K, reserved 1048576K
}
Event: 140.048 GC heap before
{Heap before GC invocations=86 (full 0):
 garbage-first heap   total 506880K, used 411230K [0x0000000080000000, 0x0000000100000000)
  region size 1024K, 235 young (240640K), 9 survivors (9216K)
 Metaspace       used 66912K, capacity 70351K, committed 70528K, reserved 1114112K
  class space    used 6133K, capacity 6779K, committed 6784K, reserved 1048576K
}
Event: 140.075 GC heap after
{Heap after GC invocations=87 (full 0):
 garbage-first heap   total 506880K, used 178214K [0x0000000080000000, 0x0000000100000000)
  region size 1024K, 10 young (10240K), 10 survivors (10240K)
 Metaspace       used 66912K, capacity 70351K, committed 70528K, reserved 1114112K
  class space    used 6133K, capacity 6779K, committed 6784K, reserved 1048576K
}

