# JRE version: Java(TM) SE Runtime Environment 18.9 (11.0.11+9) (build 11.0.11+9-LTS-194)
# Java VM: Java HotSpot(TM) 64-Bit Server VM 18.9 (11.0.11+9-LTS-194, mixed mode, tiered, compressed oops, g1 gc, windows-amd64)
Heap:
 garbage-first heap   total 236544K, used 138941K [0x0000000080000000, 0x0000000100000000)
  region size 1024K, 31 young (31744K), 10 survivors (10240K)
 Metaspace       used 56017K, capacity 57979K, committed 58112K, reserved 1101824K
  class space    used 5281K, capacity 5864K, committed 5888K, reserved 1048576K
GC Heap History (10 events):
Event: 217.029 GC heap before
{Heap before GC invocations=55 (full 0):
 garbage-first heap   total 236544K, used 115390K [0x0000000080000000, 0x0000000100000000)
  region size 1024K, 11 young (11264K), 7 survivors (7168K)
 Metaspace       used 55720K, capacity 57710K, committed 57856K, reserved 1101824K
  class space    used 5279K, capacity 5859K, committed 5888K, reserved 1048576K
}
Event: 217.103 GC heap after
{Heap after GC invocations=56 (full 0):
 garbage-first heap   total 236544K, used 95498K [0x0000000080000000, 0x0000000100000000)
  region size 1024K, 1 young (1024K), 1 survivors (1024K)
 Metaspace       used 55720K, capacity 57710K, committed 57856K, reserved 1101824K
  class space    used 5279K, capacity 5859K, committed 5888K, reserved 1048576K
}
Event: 220.815 GC heap before
{Heap before GC invocations=56 (full 0):
 garbage-first heap   total 236544K, used 166154K [0x0000000080000000, 0x0000000100000000)
  region size 1024K, 70 young (71680K), 1 survivors (1024K)
 Metaspace       used 55791K, capacity 57774K, committed 57856K, reserved 1101824K
  class space    used 5279K, capacity 5859K, committed 5888K, reserved 1048576K
}
Event: 220.834 GC heap after
{Heap after GC invocations=57 (full 0):
 garbage-first heap   total 236544K, used 101539K [0x0000000080000000, 0x0000000100000000)
  region size 1024K, 7 young (7168K), 7 survivors (7168K)
 Metaspace       used 55791K, capacity 57774K, committed 57856K, reserved 1101824K
  class space    used 5279K, capacity 5859K, committed 5888K, reserved 1048576K
}
Event: 221.660 GC heap before
{Heap before GC invocations=57 (full 0):
 garbage-first heap   total 236544K, used 172195K [0x0000000080000000, 0x0000000100000000)
  region size 1024K, 76 young (77824K), 7 survivors (7168K)
 Metaspace       used 55909K, capacity 57903K, committed 58112K, reserved 1101824K
  class space    used 5279K, capacity 5859K, committed 5888K, reserved 1048576K
}
Event: 221.683 GC heap after
{Heap after GC invocations=58 (full 0):
 garbage-first heap   total 236544K, used 110368K [0x0000000080000000, 0x0000000100000000)
  region size 1024K, 9 young (9216K), 9 survivors (9216K)
 Metaspace       used 55909K, capacity 57903K, committed 58112K, reserved 1101824K
  class space    used 5279K, capacity 5859K, committed 5888K, reserved 1048576K
}
Event: 222.227 GC heap before
{Heap before GC invocations=58 (full 0):
 garbage-first heap   total 236544K, used 178976K [0x0000000080000000, 0x0000000100000000)
  region size 1024K, 76 young (77824K), 9 survivors (9216K)
 Metaspace       used 55920K, capacity 57903K, committed 58112K, reserved 1101824K
  class space    used 5279K, capacity 5859K, committed 5888K, reserved 1048576K
}
Event: 222.251 GC heap after
{Heap after GC invocations=59 (full 0):
 garbage-first heap   total 236544K, used 111753K [0x0000000080000000, 0x0000000100000000)
  region size 1024K, 6 young (6144K), 6 survivors (6144K)
 Metaspace       used 55920K, capacity 57903K, committed 58112K, reserved 1101824K
  class space    used 5279K, capacity 5859K, committed 5888K, reserved 1048576K
}
Event: 223.310 GC heap before
{Heap before GC invocations=59 (full 0):
 garbage-first heap   total 236544K, used 181385K [0x0000000080000000, 0x0000000100000000)
  region size 1024K, 74 young (75776K), 6 survivors (6144K)
 Metaspace       used 55977K, capacity 57970K, committed 58112K, reserved 1101824K
  class space    used 5279K, capacity 5860K, committed 5888K, reserved 1048576K
}
Event: 223.341 GC heap after
{Heap after GC invocations=60 (full 0):
 garbage-first heap   total 236544K, used 118461K [0x0000000080000000, 0x0000000100000000)
  region size 1024K, 10 young (10240K), 10 survivors (10240K)
 Metaspace       used 55977K, capacity 57970K, committed 58112K, reserved 1101824K
  class space    used 5279K, capacity 5860K, committed 5888K, reserved 1048576K
}

