# JRE version: Java(TM) SE Runtime Environment 18.9 (11.0.11+9) (build 11.0.11+9-LTS-194)
# Java VM: Java HotSpot(TM) 64-Bit Server VM 18.9 (11.0.11+9-LTS-194, mixed mode, tiered, compressed oops, g1 gc, windows-amd64)
Heap:
 garbage-first heap   total 508928K, used 309181K [0x0000000080000000, 0x0000000100000000)
  region size 1024K, 51 young (52224K), 3 survivors (3072K)
 Metaspace       used 60911K, capacity 64008K, committed 64128K, reserved 1107968K
  class space    used 5628K, capacity 6243K, committed 6272K, reserved 1048576K
GC Heap History (10 events):
Event: 114.302 GC heap before
{Heap before GC invocations=82 (full 0):
 garbage-first heap   total 442368K, used 373996K [0x0000000080000000, 0x0000000100000000)
  region size 1024K, 148 young (151552K), 10 survivors (10240K)
 Metaspace       used 60741K, capacity 63616K, committed 63872K, reserved 1107968K
  class space    used 5620K, capacity 6228K, committed 6272K, reserved 1048576K
}
Event: 114.397 GC heap after
{Heap after GC invocations=83 (full 0):
 garbage-first heap   total 442368K, used 252218K [0x0000000080000000, 0x0000000100000000)
  region size 1024K, 19 young (19456K), 19 survivors (19456K)
 Metaspace       used 60741K, capacity 63616K, committed 63872K, reserved 1107968K
  class space    used 5620K, capacity 6228K, committed 6272K, reserved 1048576K
}
Event: 116.161 GC heap before
{Heap before GC invocations=83 (full 0):
 garbage-first heap   total 442368K, used 368954K [0x0000000080000000, 0x0000000100000000)
  region size 1024K, 133 young (136192K), 19 survivors (19456K)
 Metaspace       used 60764K, capacity 63616K, committed 63872K, reserved 1107968K
  class space    used 5620K, capacity 6228K, committed 6272K, reserved 1048576K
}
Event: 116.234 GC heap after
{Heap after GC invocations=84 (full 0):
 garbage-first heap   total 442368K, used 257717K [0x0000000080000000, 0x0000000100000000)
  region size 1024K, 11 young (11264K), 11 survivors (11264K)
 Metaspace       used 60764K, capacity 63616K, committed 63872K, reserved 1107968K
  class space    used 5620K, capacity 6228K, committed 6272K, reserved 1048576K
}
Event: 117.043 GC heap before
{Heap before GC invocations=84 (full 0):
 garbage-first heap   total 442368K, used 372405K [0x0000000080000000, 0x0000000100000000)
  region size 1024K, 121 young (123904K), 11 survivors (11264K)
 Metaspace       used 60785K, capacity 63686K, committed 63872K, reserved 1107968K
  class space    used 5621K, capacity 6230K, committed 6272K, reserved 1048576K
}
Event: 117.080 GC heap after
{Heap after GC invocations=85 (full 0):
 garbage-first heap   total 508928K, used 263680K [0x0000000080000000, 0x0000000100000000)
  region size 1024K, 6 young (6144K), 6 survivors (6144K)
 Metaspace       used 60785K, capacity 63686K, committed 63872K, reserved 1107968K
  class space    used 5621K, capacity 6230K, committed 6272K, reserved 1048576K
}
Event: 118.053 GC heap before
{Heap before GC invocations=85 (full 0):
 garbage-first heap   total 508928K, used 410112K [0x0000000080000000, 0x0000000100000000)
  region size 1024K, 147 young (150528K), 6 survivors (6144K)
 Metaspace       used 60846K, capacity 63798K, committed 63872K, reserved 1107968K
  class space    used 5626K, capacity 6237K, committed 6272K, reserved 1048576K
}
Event: 118.071 GC heap after
{Heap after GC invocations=86 (full 0):
 garbage-first heap   total 508928K, used 260096K [0x0000000080000000, 0x0000000100000000)
  region size 1024K, 2 young (2048K), 2 survivors (2048K)
 Metaspace       used 60846K, capacity 63798K, committed 63872K, reserved 1107968K
  class space    used 5626K, capacity 6237K, committed 6272K, reserved 1048576K
}
Event: 119.215 GC heap before
{Heap before GC invocations=86 (full 0):
 garbage-first heap   total 508928K, used 415744K [0x0000000080000000, 0x0000000100000000)
  region size 1024K, 152 young (155648K), 2 survivors (2048K)
 Metaspace       used 60911K, capacity 64008K, committed 64128K, reserved 1107968K
  class space    used 5628K, capacity 6243K, committed 6272K, reserved 1048576K
}
Event: 119.220 GC heap after
{Heap after GC invocations=87 (full 0):
 garbage-first heap   total 508928K, used 261053K [0x0000000080000000, 0x0000000100000000)
  region size 1024K, 3 young (3072K), 3 survivors (3072K)
 Metaspace       used 60911K, capacity 64008K, committed 64128K, reserved 1107968K
  class space    used 5628K, capacity 6243K, committed 6272K, reserved 1048576K
}

