# JRE version: Java(TM) SE Runtime Environment 18.9 (11.0.11+9) (build 11.0.11+9-LTS-194)
# Java VM: Java HotSpot(TM) 64-Bit Server VM 18.9 (11.0.11+9-LTS-194, mixed mode, tiered, compressed oops, g1 gc, windows-amd64)
Heap:
 garbage-first heap   total 395264K, used 337292K [0x0000000080000000, 0x0000000100000000)
  region size 1024K, 58 young (59392K), 5 survivors (5120K)
 Metaspace       used 66963K, capacity 70223K, committed 70272K, reserved 1112064K
  class space    used 6131K, capacity 6772K, committed 6784K, reserved 1048576K
GC Heap History (10 events):
Event: 204.012 GC heap after
{Heap after GC invocations=88 (full 0):
 garbage-first heap   total 395264K, used 251566K [0x0000000080000000, 0x0000000100000000)
  region size 1024K, 2 young (2048K), 2 survivors (2048K)
 Metaspace       used 66848K, capacity 69982K, committed 70016K, reserved 1112064K
  class space    used 6123K, capacity 6761K, committed 6784K, reserved 1048576K
}
Event: 205.038 GC heap before
{Heap before GC invocations=88 (full 0):
 garbage-first heap   total 395264K, used 346798K [0x0000000080000000, 0x0000000100000000)
  region size 1024K, 92 young (94208K), 2 survivors (2048K)
 Metaspace       used 66932K, capacity 70205K, committed 70272K, reserved 1112064K
  class space    used 6130K, capacity 6770K, committed 6784K, reserved 1048576K
}
Event: 205.046 GC heap after
{Heap after GC invocations=89 (full 0):
 garbage-first heap   total 395264K, used 253495K [0x0000000080000000, 0x0000000100000000)
  region size 1024K, 4 young (4096K), 4 survivors (4096K)
 Metaspace       used 66932K, capacity 70205K, committed 70272K, reserved 1112064K
  class space    used 6130K, capacity 6770K, committed 6784K, reserved 1048576K
}
Event: 206.231 GC heap before
{Heap before GC invocations=89 (full 0):
 garbage-first heap   total 395264K, used 344631K [0x0000000080000000, 0x0000000100000000)
  region size 1024K, 93 young (95232K), 4 survivors (4096K)
 Metaspace       used 66932K, capacity 70205K, committed 70272K, reserved 1112064K
  class space    used 6130K, capacity 6770K, committed 6784K, reserved 1048576K
}
Event: 206.255 GC heap after
{Heap after GC invocations=90 (full 0):
 garbage-first heap   total 395264K, used 263133K [0x0000000080000000, 0x0000000100000000)
  region size 1024K, 12 young (12288K), 12 survivors (12288K)
 Metaspace       used 66932K, capacity 70205K, committed 70272K, reserved 1112064K
  class space    used 6130K, capacity 6770K, committed 6784K, reserved 1048576K
}
Event: 207.621 GC heap before
{Heap before GC invocations=90 (full 0):
 garbage-first heap   total 395264K, used 337885K [0x0000000080000000, 0x0000000100000000)
  region size 1024K, 86 young (88064K), 12 survivors (12288K)
 Metaspace       used 66950K, capacity 70223K, committed 70272K, reserved 1112064K
  class space    used 6131K, capacity 6772K, committed 6784K, reserved 1048576K
}
Event: 207.672 GC heap after
{Heap after GC invocations=91 (full 0):
 garbage-first heap   total 395264K, used 273618K [0x0000000080000000, 0x0000000100000000)
  region size 1024K, 11 young (11264K), 11 survivors (11264K)
 Metaspace       used 66950K, capacity 70223K, committed 70272K, reserved 1112064K
  class space    used 6131K, capacity 6772K, committed 6784K, reserved 1048576K
}
Event: 209.408 GC heap before
{Heap before GC invocations=91 (full 0):
 garbage-first heap   total 395264K, used 337106K [0x0000000080000000, 0x0000000100000000)
  region size 1024K, 73 young (74752K), 11 survivors (11264K)
 Metaspace       used 66959K, capacity 70223K, committed 70272K, reserved 1112064K
  class space    used 6131K, capacity 6772K, committed 6784K, reserved 1048576K
}
Event: 209.462 GC heap after
{Heap after GC invocations=92 (full 0):
 garbage-first heap   total 395264K, used 283020K [0x0000000080000000, 0x0000000100000000)
  region size 1024K, 10 young (10240K), 10 survivors (10240K)
 Metaspace       used 66959K, capacity 70223K, committed 70272K, reserved 1112064K
  class space    used 6131K, capacity 6772K, committed 6784K, reserved 1048576K
}
Event: 214.669 GC heap before
{Heap before GC invocations=92 (full 0):
 garbage-first heap   total 395264K, used 337292K [0x0000000080000000, 0x0000000100000000)
  region size 1024K, 63 young (64512K), 10 survivors (10240K)
 Metaspace       used 66963K, capacity 70223K, committed 70272K, reserved 1112064K
  class space    used 6131K, capacity 6772K, committed 6784K, reserved 1048576K
}

