# JRE version: Java(TM) SE Runtime Environment 18.9 (11.0.11+9) (build 11.0.11+9-LTS-194)
# Java VM: Java HotSpot(TM) 64-Bit Server VM 18.9 (11.0.11+9-LTS-194, mixed mode, tiered, compressed oops, g1 gc, windows-amd64)
Heap:
 garbage-first heap   total 163840K, used 44907K [0x0000000080000000, 0x0000000100000000)
  region size 1024K, 40 young (40960K), 4 survivors (4096K)
 Metaspace       used 16207K, capacity 16870K, committed 17024K, reserved 1064960K
  class space    used 1594K, capacity 1827K, committed 1920K, reserved 1048576K
GC Heap History (6 events):
Event: 1.079 GC heap before
{Heap before GC invocations=0 (full 0):
 garbage-first heap   total 163840K, used 14336K [0x0000000080000000, 0x0000000100000000)
  region size 1024K, 14 young (14336K), 0 survivors (0K)
 Metaspace       used 10940K, capacity 11200K, committed 11392K, reserved 1058816K
  class space    used 997K, capacity 1076K, committed 1152K, reserved 1048576K
}
Event: 1.087 GC heap after
{Heap after GC invocations=1 (full 0):
 garbage-first heap   total 163840K, used 2993K [0x0000000080000000, 0x0000000100000000)
  region size 1024K, 2 young (2048K), 2 survivors (2048K)
 Metaspace       used 10940K, capacity 11200K, committed 11392K, reserved 1058816K
  class space    used 997K, capacity 1076K, committed 1152K, reserved 1048576K
}
Event: 1.716 GC heap before
{Heap before GC invocations=1 (full 0):
 garbage-first heap   total 163840K, used 15281K [0x0000000080000000, 0x0000000100000000)
  region size 1024K, 14 young (14336K), 2 survivors (2048K)
 Metaspace       used 12558K, capacity 12925K, committed 13056K, reserved 1060864K
  class space    used 1158K, capacity 1279K, committed 1280K, reserved 1048576K
}
Event: 1.729 GC heap after
{Heap after GC invocations=2 (full 0):
 garbage-first heap   total 163840K, used 4761K [0x0000000080000000, 0x0000000100000000)
  region size 1024K, 2 young (2048K), 2 survivors (2048K)
 Metaspace       used 12558K, capacity 12925K, committed 13056K, reserved 1060864K
  class space    used 1158K, capacity 1279K, committed 1280K, reserved 1048576K
}
Event: 3.133 GC heap before
{Heap before GC invocations=2 (full 0):
 garbage-first heap   total 163840K, used 34457K [0x0000000080000000, 0x0000000100000000)
  region size 1024K, 31 young (31744K), 2 survivors (2048K)
 Metaspace       used 16087K, capacity 16716K, committed 17024K, reserved 1064960K
  class space    used 1588K, capacity 1822K, committed 1920K, reserved 1048576K
}
Event: 3.147 GC heap after
{Heap after GC invocations=3 (full 0):
 garbage-first heap   total 163840K, used 7019K [0x0000000080000000, 0x0000000100000000)
  region size 1024K, 4 young (4096K), 4 survivors (4096K)
 Metaspace       used 16087K, capacity 16716K, committed 17024K, reserved 1064960K
  class space    used 1588K, capacity 1822K, committed 1920K, reserved 1048576K
}

