# JRE version: Java(TM) SE Runtime Environment 18.9 (11.0.11+9) (build 11.0.11+9-LTS-194)
# Java VM: Java HotSpot(TM) 64-Bit Server VM 18.9 (11.0.11+9-LTS-194, mixed mode, tiered, compressed oops, g1 gc, windows-amd64)
Heap:
 garbage-first heap   total 311296K, used 150637K [0x0000000760c00000, 0x0000000800000000)
  region size 1024K, 122 young (124928K), 10 survivors (10240K)
 Metaspace       used 13043K, capacity 13233K, committed 13568K, reserved 1062912K
  class space    used 866K, capacity 928K, committed 1024K, reserved 1048576K
GC Heap History (10 events):
Event: 4.831 GC heap after
{Heap after GC invocations=3 (full 0):
 garbage-first heap   total 163840K, used 10246K [0x0000000760c00000, 0x0000000800000000)
  region size 1024K, 2 young (2048K), 2 survivors (2048K)
 Metaspace       used 9614K, capacity 9718K, committed 9856K, reserved 1058816K
  class space    used 803K, capacity 855K, committed 896K, reserved 1048576K
}
Event: 7.756 GC heap before
{Heap before GC invocations=3 (full 0):
 garbage-first heap   total 163840K, used 39942K [0x0000000760c00000, 0x0000000800000000)
  region size 1024K, 30 young (30720K), 2 survivors (2048K)
 Metaspace       used 12724K, capacity 12878K, committed 13184K, reserved 1060864K
  class space    used 852K, capacity 895K, committed 896K, reserved 1048576K
}
Event: 7.790 GC heap after
{Heap after GC invocations=4 (full 0):
 garbage-first heap   total 163840K, used 11309K [0x0000000760c00000, 0x0000000800000000)
  region size 1024K, 3 young (3072K), 3 survivors (3072K)
 Metaspace       used 12724K, capacity 12878K, committed 13184K, reserved 1060864K
  class space    used 852K, capacity 895K, committed 896K, reserved 1048576K
}
Event: 11.140 GC heap before
{Heap before GC invocations=4 (full 0):
 garbage-first heap   total 163840K, used 106541K [0x0000000760c00000, 0x0000000800000000)
  region size 1024K, 96 young (98304K), 3 survivors (3072K)
 Metaspace       used 12857K, capacity 13009K, committed 13184K, reserved 1060864K
  class space    used 860K, capacity 896K, committed 896K, reserved 1048576K
}
Event: 11.177 GC heap after
{Heap after GC invocations=5 (full 0):
 garbage-first heap   total 311296K, used 18568K [0x0000000760c00000, 0x0000000800000000)
  region size 1024K, 10 young (10240K), 10 survivors (10240K)
 Metaspace       used 12857K, capacity 13009K, committed 13184K, reserved 1060864K
  class space    used 860K, capacity 896K, committed 896K, reserved 1048576K
}
Event: 13.628 GC heap before
{Heap before GC invocations=5 (full 0):
 garbage-first heap   total 311296K, used 119944K [0x0000000760c00000, 0x0000000800000000)
  region size 1024K, 109 young (111616K), 10 survivors (10240K)
 Metaspace       used 12890K, capacity 13073K, committed 13184K, reserved 1060864K
  class space    used 860K, capacity 896K, committed 896K, reserved 1048576K
}
Event: 13.728 GC heap after
{Heap after GC invocations=6 (full 0):
 garbage-first heap   total 311296K, used 26487K [0x0000000760c00000, 0x0000000800000000)
  region size 1024K, 14 young (14336K), 14 survivors (14336K)
 Metaspace       used 12890K, capacity 13073K, committed 13184K, reserved 1060864K
  class space    used 860K, capacity 896K, committed 896K, reserved 1048576K
}
Event: 15.256 GC heap before
{Heap before GC invocations=6 (full 0):
 garbage-first heap   total 311296K, used 131959K [0x0000000760c00000, 0x0000000800000000)
  region size 1024K, 117 young (119808K), 14 survivors (14336K)
 Metaspace       used 12897K, capacity 13073K, committed 13184K, reserved 1060864K
  class space    used 860K, capacity 896K, committed 896K, reserved 1048576K
}
Event: 15.331 GC heap after
{Heap after GC invocations=7 (full 0):
 garbage-first heap   total 311296K, used 35949K [0x0000000760c00000, 0x0000000800000000)
  region size 1024K, 10 young (10240K), 10 survivors (10240K)
 Metaspace       used 12897K, capacity 13073K, committed 13184K, reserved 1060864K
  class space    used 860K, capacity 896K, committed 896K, reserved 1048576K
}
Event: 18.097 GC heap before
{Heap before GC invocations=7 (full 0):
 garbage-first heap   total 311296K, used 150637K [0x0000000760c00000, 0x0000000800000000)
  region size 1024K, 122 young (124928K), 10 survivors (10240K)
 Metaspace       used 13043K, capacity 13233K, committed 13568K, reserved 1062912K
  class space    used 866K, capacity 928K, committed 1024K, reserved 1048576K
}

