# JRE version: Java(TM) SE Runtime Environment 18.9 (11.0.11+9) (build 11.0.11+9-LTS-194)
# Java VM: Java HotSpot(TM) 64-Bit Server VM 18.9 (11.0.11+9-LTS-194, mixed mode, tiered, compressed oops, g1 gc, windows-amd64)
Heap:
 garbage-first heap   total 281600K, used 205824K [0x0000000760c00000, 0x0000000800000000)
  region size 1024K, 139 young (142336K), 10 survivors (10240K)
 Metaspace       used 13066K, capacity 13297K, committed 13568K, reserved 1062912K
  class space    used 866K, capacity 928K, committed 1024K, reserved 1048576K
GC Heap History (10 events):
Event: 8.103 GC heap after
{Heap after GC invocations=7 (full 0):
 garbage-first heap   total 196608K, used 29569K [0x0000000760c00000, 0x0000000800000000)
  region size 1024K, 14 young (14336K), 14 survivors (14336K)
 Metaspace       used 12872K, capacity 13073K, committed 13184K, reserved 1060864K
  class space    used 860K, capacity 896K, committed 896K, reserved 1048576K
}
Event: 9.153 GC heap before
{Heap before GC invocations=7 (full 0):
 garbage-first heap   total 196608K, used 132993K [0x0000000760c00000, 0x0000000800000000)
  region size 1024K, 115 young (117760K), 14 survivors (14336K)
 Metaspace       used 12880K, capacity 13073K, committed 13184K, reserved 1060864K
  class space    used 860K, capacity 896K, committed 896K, reserved 1048576K
}
Event: 9.214 GC heap after
{Heap after GC invocations=8 (full 0):
 garbage-first heap   total 196608K, used 38580K [0x0000000760c00000, 0x0000000800000000)
  region size 1024K, 9 young (9216K), 9 survivors (9216K)
 Metaspace       used 12880K, capacity 13073K, committed 13184K, reserved 1060864K
  class space    used 860K, capacity 896K, committed 896K, reserved 1048576K
}
Event: 11.476 GC heap before
{Heap before GC invocations=8 (full 0):
 garbage-first heap   total 196608K, used 143028K [0x0000000760c00000, 0x0000000800000000)
  region size 1024K, 111 young (113664K), 9 survivors (9216K)
 Metaspace       used 13031K, capacity 13297K, committed 13568K, reserved 1062912K
  class space    used 866K, capacity 928K, committed 1024K, reserved 1048576K
}
Event: 11.523 GC heap after
{Heap after GC invocations=9 (full 0):
 garbage-first heap   total 196608K, used 47578K [0x0000000760c00000, 0x0000000800000000)
  region size 1024K, 9 young (9216K), 9 survivors (9216K)
 Metaspace       used 13031K, capacity 13297K, committed 13568K, reserved 1062912K
  class space    used 866K, capacity 928K, committed 1024K, reserved 1048576K
}
Event: 12.885 GC heap before
{Heap before GC invocations=9 (full 0):
 garbage-first heap   total 196608K, used 148954K [0x0000000760c00000, 0x0000000800000000)
  region size 1024K, 108 young (110592K), 9 survivors (9216K)
 Metaspace       used 13037K, capacity 13297K, committed 13568K, reserved 1062912K
  class space    used 866K, capacity 928K, committed 1024K, reserved 1048576K
}
Event: 12.946 GC heap after
{Heap after GC invocations=10 (full 0):
 garbage-first heap   total 281600K, used 56110K [0x0000000760c00000, 0x0000000800000000)
  region size 1024K, 9 young (9216K), 9 survivors (9216K)
 Metaspace       used 13037K, capacity 13297K, committed 13568K, reserved 1062912K
  class space    used 866K, capacity 928K, committed 1024K, reserved 1048576K
}
Event: 14.760 GC heap before
{Heap before GC invocations=10 (full 0):
 garbage-first heap   total 281600K, used 192302K [0x0000000760c00000, 0x0000000800000000)
  region size 1024K, 142 young (145408K), 9 survivors (9216K)
 Metaspace       used 13063K, capacity 13297K, committed 13568K, reserved 1062912K
  class space    used 866K, capacity 928K, committed 1024K, reserved 1048576K
}
Event: 14.822 GC heap after
{Heap after GC invocations=11 (full 0):
 garbage-first heap   total 281600K, used 73728K [0x0000000760c00000, 0x0000000800000000)
  region size 1024K, 18 young (18432K), 18 survivors (18432K)
 Metaspace       used 13063K, capacity 13297K, committed 13568K, reserved 1062912K
  class space    used 866K, capacity 928K, committed 1024K, reserved 1048576K
}
Event: 16.637 GC heap before
{Heap before GC invocations=11 (full 0):
 garbage-first heap   total 281600K, used 205824K [0x0000000760c00000, 0x0000000800000000)
  region size 1024K, 147 young (150528K), 18 survivors (18432K)
 Metaspace       used 13066K, capacity 13297K, committed 13568K, reserved 1062912K
  class space    used 866K, capacity 928K, committed 1024K, reserved 1048576K
}

