# JRE version: Java(TM) SE Runtime Environment 18.9 (11.0.11+9) (build 11.0.11+9-LTS-194)
# Java VM: Java HotSpot(TM) 64-Bit Server VM 18.9 (11.0.11+9-LTS-194, mixed mode, tiered, compressed oops, g1 gc, windows-amd64)
Heap:
 garbage-first heap   total 345088K, used 160256K [0x0000000760c00000, 0x0000000800000000)
  region size 1024K, 77 young (78848K), 3 survivors (3072K)
 Metaspace       used 13069K, capacity 13233K, committed 13568K, reserved 1062912K
  class space    used 868K, capacity 928K, committed 1024K, reserved 1048576K
GC Heap History (10 events):
Event: 10.878 GC heap before
{Heap before GC invocations=8 (full 0):
 garbage-first heap   total 212992K, used 154193K [0x0000000760c00000, 0x0000000800000000)
  region size 1024K, 124 young (126976K), 16 survivors (16384K)
 Metaspace       used 13038K, capacity 13233K, committed 13568K, reserved 1062912K
  class space    used 867K, capacity 928K, committed 1024K, reserved 1048576K
}
Event: 10.945 GC heap after
{Heap after GC invocations=9 (full 0):
 garbage-first heap   total 212992K, used 53338K [0x0000000760c00000, 0x0000000800000000)
  region size 1024K, 10 young (10240K), 10 survivors (10240K)
 Metaspace       used 13038K, capacity 13233K, committed 13568K, reserved 1062912K
  class space    used 867K, capacity 928K, committed 1024K, reserved 1048576K
}
Event: 12.159 GC heap before
{Heap before GC invocations=9 (full 0):
 garbage-first heap   total 212992K, used 161882K [0x0000000760c00000, 0x0000000800000000)
  region size 1024K, 116 young (118784K), 10 survivors (10240K)
 Metaspace       used 13065K, capacity 13233K, committed 13568K, reserved 1062912K
  class space    used 868K, capacity 928K, committed 1024K, reserved 1048576K
}
Event: 12.234 GC heap after
{Heap after GC invocations=10 (full 0):
 garbage-first heap   total 345088K, used 67584K [0x0000000760c00000, 0x0000000800000000)
  region size 1024K, 14 young (14336K), 14 survivors (14336K)
 Metaspace       used 13065K, capacity 13233K, committed 13568K, reserved 1062912K
  class space    used 868K, capacity 928K, committed 1024K, reserved 1048576K
}
Event: 14.094 GC heap before
{Heap before GC invocations=10 (full 0):
 garbage-first heap   total 345088K, used 202752K [0x0000000760c00000, 0x0000000800000000)
  region size 1024K, 146 young (149504K), 14 survivors (14336K)
 Metaspace       used 13066K, capacity 13233K, committed 13568K, reserved 1062912K
  class space    used 868K, capacity 928K, committed 1024K, reserved 1048576K
}
Event: 14.201 GC heap after
{Heap after GC invocations=11 (full 0):
 garbage-first heap   total 345088K, used 82349K [0x0000000760c00000, 0x0000000800000000)
  region size 1024K, 15 young (15360K), 15 survivors (15360K)
 Metaspace       used 13066K, capacity 13233K, committed 13568K, reserved 1062912K
  class space    used 868K, capacity 928K, committed 1024K, reserved 1048576K
}
Event: 15.649 GC heap before
{Heap before GC invocations=11 (full 0):
 garbage-first heap   total 345088K, used 229805K [0x0000000760c00000, 0x0000000800000000)
  region size 1024K, 159 young (162816K), 15 survivors (15360K)
 Metaspace       used 13067K, capacity 13233K, committed 13568K, reserved 1062912K
  class space    used 868K, capacity 928K, committed 1024K, reserved 1048576K
}
Event: 15.727 GC heap after
{Heap after GC invocations=12 (full 0):
 garbage-first heap   total 345088K, used 85504K [0x0000000760c00000, 0x0000000800000000)
  region size 1024K, 3 young (3072K), 3 survivors (3072K)
 Metaspace       used 13067K, capacity 13233K, committed 13568K, reserved 1062912K
  class space    used 868K, capacity 928K, committed 1024K, reserved 1048576K
}
Event: 16.281 GC heap before
{Heap before GC invocations=12 (full 0):
 garbage-first heap   total 345088K, used 246272K [0x0000000760c00000, 0x0000000800000000)
  region size 1024K, 160 young (163840K), 3 survivors (3072K)
 Metaspace       used 13068K, capacity 13233K, committed 13568K, reserved 1062912K
  class space    used 868K, capacity 928K, committed 1024K, reserved 1048576K
}
Event: 16.291 GC heap after
{Heap after GC invocations=13 (full 0):
 garbage-first heap   total 345088K, used 85504K [0x0000000760c00000, 0x0000000800000000)
  region size 1024K, 3 young (3072K), 3 survivors (3072K)
 Metaspace       used 13068K, capacity 13233K, committed 13568K, reserved 1062912K
  class space    used 868K, capacity 928K, committed 1024K, reserved 1048576K
}

