# JRE version: Java(TM) SE Runtime Environment 18.9 (11.0.11+9) (build 11.0.11+9-LTS-194)
# Java VM: Java HotSpot(TM) 64-Bit Server VM 18.9 (11.0.11+9-LTS-194, mixed mode, tiered, compressed oops, g1 gc, windows-amd64)
Heap:
 garbage-first heap   total 236544K, used 80298K [0x0000000760c00000, 0x0000000800000000)
  region size 1024K, 69 young (70656K), 8 survivors (8192K)
 Metaspace       used 12895K, capacity 13005K, committed 13184K, reserved 1060864K
  class space    used 862K, capacity 896K, committed 896K, reserved 1048576K
GC Heap History (10 events):
Event: 1.298 GC heap before
{Heap before GC invocations=1 (full 0):
 garbage-first heap   total 163840K, used 12616K [0x0000000760c00000, 0x0000000800000000)
  region size 1024K, 8 young (8192K), 2 survivors (2048K)
 Metaspace       used 9237K, capacity 9290K, committed 9600K, reserved 1058816K
  class space    used 788K, capacity 820K, committed 896K, reserved 1048576K
}
Event: 1.309 GC heap after
{Heap after GC invocations=2 (full 0):
 garbage-first heap   total 163840K, used 9216K [0x0000000760c00000, 0x0000000800000000)
  region size 1024K, 1 young (1024K), 1 survivors (1024K)
 Metaspace       used 9237K, capacity 9290K, committed 9600K, reserved 1058816K
  class space    used 788K, capacity 820K, committed 896K, reserved 1048576K
}
Event: 1.817 GC heap before
{Heap before GC invocations=2 (full 0):
 garbage-first heap   total 163840K, used 19456K [0x0000000760c00000, 0x0000000800000000)
  region size 1024K, 11 young (11264K), 1 survivors (1024K)
 Metaspace       used 9559K, capacity 9714K, committed 9856K, reserved 1058816K
  class space    used 804K, capacity 855K, committed 896K, reserved 1048576K
}
Event: 1.822 GC heap after
{Heap after GC invocations=3 (full 0):
 garbage-first heap   total 163840K, used 10728K [0x0000000760c00000, 0x0000000800000000)
  region size 1024K, 2 young (2048K), 2 survivors (2048K)
 Metaspace       used 9559K, capacity 9714K, committed 9856K, reserved 1058816K
  class space    used 804K, capacity 855K, committed 896K, reserved 1048576K
}
Event: 2.932 GC heap before
{Heap before GC invocations=3 (full 0):
 garbage-first heap   total 163840K, used 31208K [0x0000000760c00000, 0x0000000800000000)
  region size 1024K, 21 young (21504K), 2 survivors (2048K)
 Metaspace       used 12509K, capacity 12682K, committed 12928K, reserved 1060864K
  class space    used 854K, capacity 895K, committed 896K, reserved 1048576K
}
Event: 2.953 GC heap after
{Heap after GC invocations=4 (full 0):
 garbage-first heap   total 163840K, used 11362K [0x0000000760c00000, 0x0000000800000000)
  region size 1024K, 2 young (2048K), 2 survivors (2048K)
 Metaspace       used 12509K, capacity 12682K, committed 12928K, reserved 1060864K
  class space    used 854K, capacity 895K, committed 896K, reserved 1048576K
}
Event: 3.996 GC heap before
{Heap before GC invocations=4 (full 0):
 garbage-first heap   total 163840K, used 50274K [0x0000000760c00000, 0x0000000800000000)
  region size 1024K, 40 young (40960K), 2 survivors (2048K)
 Metaspace       used 12868K, capacity 13005K, committed 13184K, reserved 1060864K
  class space    used 862K, capacity 896K, committed 896K, reserved 1048576K
}
Event: 4.017 GC heap after
{Heap after GC invocations=5 (full 0):
 garbage-first heap   total 163840K, used 14589K [0x0000000760c00000, 0x0000000800000000)
  region size 1024K, 5 young (5120K), 5 survivors (5120K)
 Metaspace       used 12868K, capacity 13005K, committed 13184K, reserved 1060864K
  class space    used 862K, capacity 896K, committed 896K, reserved 1048576K
}
Event: 5.020 GC heap before
{Heap before GC invocations=5 (full 0):
 garbage-first heap   total 163840K, used 68861K [0x0000000760c00000, 0x0000000800000000)
  region size 1024K, 58 young (59392K), 5 survivors (5120K)
 Metaspace       used 12878K, capacity 13005K, committed 13184K, reserved 1060864K
  class space    used 862K, capacity 896K, committed 896K, reserved 1048576K
}
Event: 5.050 GC heap after
{Heap after GC invocations=6 (full 0):
 garbage-first heap   total 236544K, used 18858K [0x0000000760c00000, 0x0000000800000000)
  region size 1024K, 8 young (8192K), 8 survivors (8192K)
 Metaspace       used 12878K, capacity 13005K, committed 13184K, reserved 1060864K
  class space    used 862K, capacity 896K, committed 896K, reserved 1048576K
}

