# JRE version: Java(TM) SE Runtime Environment 18.9 (11.0.11+9) (build 11.0.11+9-LTS-194)
# Java VM: Java HotSpot(TM) 64-Bit Server VM 18.9 (11.0.11+9-LTS-194, mixed mode, tiered, compressed oops, g1 gc, windows-amd64)
Heap:
 garbage-first heap   total 330752K, used 148358K [0x0000000760c00000, 0x0000000800000000)
  region size 1024K, 95 young (97280K), 21 survivors (21504K)
 Metaspace       used 13105K, capacity 13297K, committed 13568K, reserved 1062912K
  class space    used 868K, capacity 928K, committed 1024K, reserved 1048576K
GC Heap History (10 events):
Event: 6.912 GC heap before
{Heap before GC invocations=5 (full 0):
 garbage-first heap   total 204800K, used 132145K [0x0000000760c00000, 0x0000000800000000)
  region size 1024K, 120 young (122880K), 7 survivors (7168K)
 Metaspace       used 12906K, capacity 13009K, committed 13184K, reserved 1060864K
  class space    used 862K, capacity 896K, committed 896K, reserved 1048576K
}
Event: 7.001 GC heap after
{Heap after GC invocations=6 (full 0):
 garbage-first heap   total 204800K, used 24696K [0x0000000760c00000, 0x0000000800000000)
  region size 1024K, 15 young (15360K), 15 survivors (15360K)
 Metaspace       used 12906K, capacity 13009K, committed 13184K, reserved 1060864K
  class space    used 862K, capacity 896K, committed 896K, reserved 1048576K
}
Event: 7.994 GC heap before
{Heap before GC invocations=6 (full 0):
 garbage-first heap   total 204800K, used 132216K [0x0000000760c00000, 0x0000000800000000)
  region size 1024K, 120 young (122880K), 15 survivors (15360K)
 Metaspace       used 12923K, capacity 13137K, committed 13440K, reserved 1062912K
  class space    used 862K, capacity 896K, committed 896K, reserved 1048576K
}
Event: 8.063 GC heap after
{Heap after GC invocations=7 (full 0):
 garbage-first heap   total 204800K, used 34828K [0x0000000760c00000, 0x0000000800000000)
  region size 1024K, 10 young (10240K), 10 survivors (10240K)
 Metaspace       used 12923K, capacity 13137K, committed 13440K, reserved 1062912K
  class space    used 862K, capacity 896K, committed 896K, reserved 1048576K
}
Event: 9.962 GC heap before
{Heap before GC invocations=7 (full 0):
 garbage-first heap   total 204800K, used 146444K [0x0000000760c00000, 0x0000000800000000)
  region size 1024K, 119 young (121856K), 10 survivors (10240K)
 Metaspace       used 13044K, capacity 13169K, committed 13568K, reserved 1062912K
  class space    used 867K, capacity 928K, committed 1024K, reserved 1048576K
}
Event: 10.012 GC heap after
{Heap after GC invocations=8 (full 0):
 garbage-first heap   total 204800K, used 45006K [0x0000000760c00000, 0x0000000800000000)
  region size 1024K, 10 young (10240K), 10 survivors (10240K)
 Metaspace       used 13044K, capacity 13169K, committed 13568K, reserved 1062912K
  class space    used 867K, capacity 928K, committed 1024K, reserved 1048576K
}
Event: 12.176 GC heap before
{Heap before GC invocations=8 (full 0):
 garbage-first heap   total 204800K, used 154574K [0x0000000760c00000, 0x0000000800000000)
  region size 1024K, 117 young (119808K), 10 survivors (10240K)
 Metaspace       used 13077K, capacity 13233K, committed 13568K, reserved 1062912K
  class space    used 867K, capacity 928K, committed 1024K, reserved 1048576K
}
Event: 12.230 GC heap after
{Heap after GC invocations=9 (full 0):
 garbage-first heap   total 330752K, used 52687K [0x0000000760c00000, 0x0000000800000000)
  region size 1024K, 8 young (8192K), 8 survivors (8192K)
 Metaspace       used 13077K, capacity 13233K, committed 13568K, reserved 1062912K
  class space    used 867K, capacity 928K, committed 1024K, reserved 1048576K
}
Event: 14.414 GC heap before
{Heap before GC invocations=9 (full 0):
 garbage-first heap   total 330752K, used 209359K [0x0000000760c00000, 0x0000000800000000)
  region size 1024K, 161 young (164864K), 8 survivors (8192K)
 Metaspace       used 13103K, capacity 13233K, committed 13568K, reserved 1062912K
  class space    used 868K, capacity 928K, committed 1024K, reserved 1048576K
}
Event: 14.500 GC heap after
{Heap after GC invocations=10 (full 0):
 garbage-first heap   total 330752K, used 73606K [0x0000000760c00000, 0x0000000800000000)
  region size 1024K, 21 young (21504K), 21 survivors (21504K)
 Metaspace       used 13103K, capacity 13233K, committed 13568K, reserved 1062912K
  class space    used 868K, capacity 928K, committed 1024K, reserved 1048576K
}

