# JRE version: Java(TM) SE Runtime Environment 18.9 (11.0.11+9) (build 11.0.11+9-LTS-194)
# Java VM: Java HotSpot(TM) 64-Bit Server VM 18.9 (11.0.11+9-LTS-194, mixed mode, tiered, compressed oops, g1 gc, windows-amd64)
Heap:
 garbage-first heap   total 398336K, used 209075K [0x0000000760c00000, 0x0000000800000000)
  region size 1024K, 146 young (149504K), 11 survivors (11264K)
 Metaspace       used 13046K, capacity 13201K, committed 13440K, reserved 1062912K
  class space    used 866K, capacity 896K, committed 896K, reserved 1048576K
GC Heap History (10 events):
Event: 11.239 GC heap after
{Heap after GC invocations=6 (full 0):
 garbage-first heap   total 306176K, used 24776K [0x0000000760c00000, 0x0000000800000000)
  region size 1024K, 7 young (7168K), 7 survivors (7168K)
 Metaspace       used 12856K, capacity 13009K, committed 13184K, reserved 1060864K
  class space    used 860K, capacity 896K, committed 896K, reserved 1048576K
}
Event: 12.920 GC heap before
{Heap before GC invocations=6 (full 0):
 garbage-first heap   total 306176K, used 127176K [0x0000000760c00000, 0x0000000800000000)
  region size 1024K, 107 young (109568K), 7 survivors (7168K)
 Metaspace       used 12871K, capacity 13073K, committed 13184K, reserved 1060864K
  class space    used 860K, capacity 896K, committed 896K, reserved 1048576K
}
Event: 12.964 GC heap after
{Heap after GC invocations=7 (full 0):
 garbage-first heap   total 306176K, used 33409K [0x0000000760c00000, 0x0000000800000000)
  region size 1024K, 14 young (14336K), 14 survivors (14336K)
 Metaspace       used 12871K, capacity 13073K, committed 13184K, reserved 1060864K
  class space    used 860K, capacity 896K, committed 896K, reserved 1048576K
}
Event: 15.575 GC heap before
{Heap before GC invocations=7 (full 0):
 garbage-first heap   total 306176K, used 145025K [0x0000000760c00000, 0x0000000800000000)
  region size 1024K, 123 young (125952K), 14 survivors (14336K)
 Metaspace       used 12990K, capacity 13201K, committed 13440K, reserved 1062912K
  class space    used 865K, capacity 896K, committed 896K, reserved 1048576K
}
Event: 15.669 GC heap after
{Heap after GC invocations=8 (full 0):
 garbage-first heap   total 306176K, used 42651K [0x0000000760c00000, 0x0000000800000000)
  region size 1024K, 9 young (9216K), 9 survivors (9216K)
 Metaspace       used 12990K, capacity 13201K, committed 13440K, reserved 1062912K
  class space    used 865K, capacity 896K, committed 896K, reserved 1048576K
}
Event: 18.429 GC heap before
{Heap before GC invocations=8 (full 0):
 garbage-first heap   total 306176K, used 167579K [0x0000000760c00000, 0x0000000800000000)
  region size 1024K, 131 young (134144K), 9 survivors (9216K)
 Metaspace       used 13016K, capacity 13201K, committed 13440K, reserved 1062912K
  class space    used 865K, capacity 896K, committed 896K, reserved 1048576K
}
Event: 18.496 GC heap after
{Heap after GC invocations=9 (full 0):
 garbage-first heap   total 306176K, used 52224K [0x0000000760c00000, 0x0000000800000000)
  region size 1024K, 17 young (17408K), 17 survivors (17408K)
 Metaspace       used 13016K, capacity 13201K, committed 13440K, reserved 1062912K
  class space    used 865K, capacity 896K, committed 896K, reserved 1048576K
}
Event: 21.208 GC heap before
{Heap before GC invocations=9 (full 0):
 garbage-first heap   total 306176K, used 188416K [0x0000000760c00000, 0x0000000800000000)
  region size 1024K, 150 young (153600K), 17 survivors (17408K)
 Metaspace       used 13042K, capacity 13201K, committed 13440K, reserved 1062912K
  class space    used 866K, capacity 896K, committed 896K, reserved 1048576K
}
Event: 21.355 GC heap after
{Heap after GC invocations=10 (full 0):
 garbage-first heap   total 398336K, used 70835K [0x0000000760c00000, 0x0000000800000000)
  region size 1024K, 19 young (19456K), 19 survivors (19456K)
 Metaspace       used 13042K, capacity 13201K, committed 13440K, reserved 1062912K
  class space    used 866K, capacity 896K, committed 896K, reserved 1048576K
}
Event: 24.936 GC heap before
{Heap before GC invocations=10 (full 0):
 garbage-first heap   total 398336K, used 209075K [0x0000000760c00000, 0x0000000800000000)
  region size 1024K, 154 young (157696K), 19 survivors (19456K)
 Metaspace       used 13046K, capacity 13201K, committed 13440K, reserved 1062912K
  class space    used 866K, capacity 896K, committed 896K, reserved 1048576K
}

