# JRE version: Java(TM) SE Runtime Environment 18.9 (11.0.11+9) (build 11.0.11+9-LTS-194)
# Java VM: Java HotSpot(TM) 64-Bit Server VM 18.9 (11.0.11+9-LTS-194, mixed mode, tiered, compressed oops, g1 gc, windows-amd64)
Heap:
 garbage-first heap   total 163840K, used 106042K [0x0000000760c00000, 0x0000000800000000)
  region size 1024K, 92 young (94208K), 6 survivors (6144K)
 Metaspace       used 12867K, capacity 13009K, committed 13184K, reserved 1060864K
  class space    used 860K, capacity 896K, committed 896K, reserved 1048576K
GC Heap History (10 events):
Event: 0.972 GC heap after
{Heap after GC invocations=1 (full 0):
 garbage-first heap   total 163840K, used 7499K [0x0000000760c00000, 0x0000000800000000)
  region size 1024K, 2 young (2048K), 2 survivors (2048K)
 Metaspace       used 7672K, capacity 7780K, committed 7936K, reserved 1056768K
  class space    used 690K, capacity 720K, committed 768K, reserved 1048576K
}
Event: 1.510 GC heap before
{Heap before GC invocations=1 (full 0):
 garbage-first heap   total 163840K, used 12619K [0x0000000760c00000, 0x0000000800000000)
  region size 1024K, 8 young (8192K), 2 survivors (2048K)
 Metaspace       used 9243K, capacity 9358K, committed 9600K, reserved 1058816K
  class space    used 788K, capacity 820K, committed 896K, reserved 1048576K
}
Event: 1.521 GC heap after
{Heap after GC invocations=2 (full 0):
 garbage-first heap   total 163840K, used 9137K [0x0000000760c00000, 0x0000000800000000)
  region size 1024K, 1 young (1024K), 1 survivors (1024K)
 Metaspace       used 9243K, capacity 9358K, committed 9600K, reserved 1058816K
  class space    used 788K, capacity 820K, committed 896K, reserved 1048576K
}
Event: 2.052 GC heap before
{Heap before GC invocations=2 (full 0):
 garbage-first heap   total 163840K, used 19377K [0x0000000760c00000, 0x0000000800000000)
  region size 1024K, 11 young (11264K), 1 survivors (1024K)
 Metaspace       used 9566K, capacity 9654K, committed 9856K, reserved 1058816K
  class space    used 803K, capacity 855K, committed 896K, reserved 1048576K
}
Event: 2.056 GC heap after
{Heap after GC invocations=3 (full 0):
 garbage-first heap   total 163840K, used 10161K [0x0000000760c00000, 0x0000000800000000)
  region size 1024K, 2 young (2048K), 2 survivors (2048K)
 Metaspace       used 9566K, capacity 9654K, committed 9856K, reserved 1058816K
  class space    used 803K, capacity 855K, committed 896K, reserved 1048576K
}
Event: 3.677 GC heap before
{Heap before GC invocations=3 (full 0):
 garbage-first heap   total 163840K, used 36785K [0x0000000760c00000, 0x0000000800000000)
  region size 1024K, 27 young (27648K), 2 survivors (2048K)
 Metaspace       used 12648K, capacity 12814K, committed 12928K, reserved 1060864K
  class space    used 852K, capacity 895K, committed 896K, reserved 1048576K
}
Event: 3.700 GC heap after
{Heap after GC invocations=4 (full 0):
 garbage-first heap   total 163840K, used 10511K [0x0000000760c00000, 0x0000000800000000)
  region size 1024K, 3 young (3072K), 3 survivors (3072K)
 Metaspace       used 12648K, capacity 12814K, committed 12928K, reserved 1060864K
  class space    used 852K, capacity 895K, committed 896K, reserved 1048576K
}
Event: 6.113 GC heap before
{Heap before GC invocations=4 (full 0):
 garbage-first heap   total 163840K, used 105743K [0x0000000760c00000, 0x0000000800000000)
  region size 1024K, 96 young (98304K), 3 survivors (3072K)
 Metaspace       used 12842K, capacity 13009K, committed 13184K, reserved 1060864K
  class space    used 860K, capacity 896K, committed 896K, reserved 1048576K
}
Event: 6.172 GC heap after
{Heap after GC invocations=5 (full 0):
 garbage-first heap   total 163840K, used 17978K [0x0000000760c00000, 0x0000000800000000)
  region size 1024K, 10 young (10240K), 10 survivors (10240K)
 Metaspace       used 12842K, capacity 13009K, committed 13184K, reserved 1060864K
  class space    used 860K, capacity 896K, committed 896K, reserved 1048576K
}
Event: 7.472 GC heap before
{Heap before GC invocations=5 (full 0):
 garbage-first heap   total 163840K, used 106042K [0x0000000760c00000, 0x0000000800000000)
  region size 1024K, 96 young (98304K), 10 survivors (10240K)
 Metaspace       used 12867K, capacity 13009K, committed 13184K, reserved 1060864K
  class space    used 860K, capacity 896K, committed 896K, reserved 1048576K
}

