# JRE version: Java(TM) SE Runtime Environment 18.9 (11.0.11+9) (build 11.0.11+9-LTS-194)
# Java VM: Java HotSpot(TM) 64-Bit Server VM 18.9 (11.0.11+9-LTS-194, mixed mode, tiered, compressed oops, g1 gc, windows-amd64)
Heap:
 garbage-first heap   total 362496K, used 214874K [0x0000000760c00000, 0x0000000800000000)
  region size 1024K, 175 young (179200K), 21 survivors (21504K)
 Metaspace       used 13060K, capacity 13233K, committed 13568K, reserved 1062912K
  class space    used 868K, capacity 928K, committed 1024K, reserved 1048576K
GC Heap History (10 events):
Event: 5.496 GC heap after
{Heap after GC invocations=5 (full 0):
 garbage-first heap   total 238592K, used 18261K [0x0000000760c00000, 0x0000000800000000)
  region size 1024K, 10 young (10240K), 10 survivors (10240K)
 Metaspace       used 12838K, capacity 13009K, committed 13184K, reserved 1060864K
  class space    used 862K, capacity 896K, committed 896K, reserved 1048576K
}
Event: 6.649 GC heap before
{Heap before GC invocations=5 (full 0):
 garbage-first heap   total 238592K, used 119637K [0x0000000760c00000, 0x0000000800000000)
  region size 1024K, 109 young (111616K), 10 survivors (10240K)
 Metaspace       used 12864K, capacity 13009K, committed 13184K, reserved 1060864K
  class space    used 862K, capacity 896K, committed 896K, reserved 1048576K
}
Event: 6.714 GC heap after
{Heap after GC invocations=6 (full 0):
 garbage-first heap   total 238592K, used 25987K [0x0000000760c00000, 0x0000000800000000)
  region size 1024K, 14 young (14336K), 14 survivors (14336K)
 Metaspace       used 12864K, capacity 13009K, committed 13184K, reserved 1060864K
  class space    used 862K, capacity 896K, committed 896K, reserved 1048576K
}
Event: 7.837 GC heap before
{Heap before GC invocations=6 (full 0):
 garbage-first heap   total 238592K, used 132483K [0x0000000760c00000, 0x0000000800000000)
  region size 1024K, 118 young (120832K), 14 survivors (14336K)
 Metaspace       used 12873K, capacity 13009K, committed 13184K, reserved 1060864K
  class space    used 862K, capacity 896K, committed 896K, reserved 1048576K
}
Event: 7.904 GC heap after
{Heap after GC invocations=7 (full 0):
 garbage-first heap   total 238592K, used 35599K [0x0000000760c00000, 0x0000000800000000)
  region size 1024K, 10 young (10240K), 10 survivors (10240K)
 Metaspace       used 12873K, capacity 13009K, committed 13184K, reserved 1060864K
  class space    used 862K, capacity 896K, committed 896K, reserved 1048576K
}
Event: 10.293 GC heap before
{Heap before GC invocations=7 (full 0):
 garbage-first heap   total 238592K, used 152335K [0x0000000760c00000, 0x0000000800000000)
  region size 1024K, 124 young (126976K), 10 survivors (10240K)
 Metaspace       used 13022K, capacity 13233K, committed 13568K, reserved 1062912K
  class space    used 867K, capacity 928K, committed 1024K, reserved 1048576K
}
Event: 10.336 GC heap after
{Heap after GC invocations=8 (full 0):
 garbage-first heap   total 238592K, used 46024K [0x0000000760c00000, 0x0000000800000000)
  region size 1024K, 10 young (10240K), 10 survivors (10240K)
 Metaspace       used 13022K, capacity 13233K, committed 13568K, reserved 1062912K
  class space    used 867K, capacity 928K, committed 1024K, reserved 1048576K
}
Event: 12.012 GC heap before
{Heap before GC invocations=8 (full 0):
 garbage-first heap   total 238592K, used 171976K [0x0000000760c00000, 0x0000000800000000)
  region size 1024K, 133 young (136192K), 10 survivors (10240K)
 Metaspace       used 13033K, capacity 13233K, committed 13568K, reserved 1062912K
  class space    used 867K, capacity 928K, committed 1024K, reserved 1048576K
}
Event: 12.081 GC heap after
{Heap after GC invocations=9 (full 0):
 garbage-first heap   total 362496K, used 57178K [0x0000000760c00000, 0x0000000800000000)
  region size 1024K, 11 young (11264K), 11 survivors (11264K)
 Metaspace       used 13033K, capacity 13233K, committed 13568K, reserved 1062912K
  class space    used 867K, capacity 928K, committed 1024K, reserved 1048576K
}
Event: 14.266 GC heap before
{Heap before GC invocations=9 (full 0):
 garbage-first heap   total 362496K, used 214874K [0x0000000760c00000, 0x0000000800000000)
  region size 1024K, 165 young (168960K), 11 survivors (11264K)
 Metaspace       used 13060K, capacity 13233K, committed 13568K, reserved 1062912K
  class space    used 868K, capacity 928K, committed 1024K, reserved 1048576K
}

